#
# There is insufficient memory for the Java Runtime Environment to continue.
# Native memory allocation (mmap) failed to map 426770432 bytes for G1 virtual space
# Possible reasons:
#   The system is out of physical RAM or swap space
#   The process is running with CompressedOops enabled, and the Java Heap may be blocking the growth of the native heap
# Possible solutions:
#   Reduce memory load on the system
#   Increase physical memory or swap space
#   Check if swap backing store is full
#   Decrease Java heap size (-Xmx/-Xms)
#   Decrease number of Java threads
#   Decrease Java thread stack sizes (-Xss)
#   Set larger code cache with -XX:ReservedCodeCacheSize=
#   JVM is running with Unscaled Compressed Oops mode in which the Java heap is
#     placed in the first 4GB address space. The Java Heap base address is the
#     maximum limit for the native heap growth. Please use -XX:HeapBaseMinAddress
#     to set the Java Heap base and to place the Java Heap above 4GB virtual address.
# This output file may be truncated or incomplete.
#
#  Out of Memory Error (os_windows.cpp:3552), pid=16300, tid=12592
#
# JRE version: Java(TM) SE Runtime Environment (17.0.9+11) (build 17.0.9+11-LTS-201)
# Java VM: Java HotSpot(TM) 64-Bit Server VM (17.0.9+11-LTS-201, mixed mode, sharing, tiered, compressed oops, compressed class ptrs, g1 gc, windows-amd64)
# No core dump will be written. Minidumps are not enabled by default on client versions of Windows
#

---------------  S U M M A R Y ------------

Command Line: -XX:MaxMetaspaceSize=512m --add-opens=java.base/java.util=ALL-UNNAMED --add-opens=java.base/java.lang=ALL-UNNAMED --add-opens=java.base/java.lang.invoke=ALL-UNNAMED --add-opens=java.prefs/java.util.prefs=ALL-UNNAMED --add-opens=java.base/java.nio.charset=ALL-UNNAMED --add-opens=java.base/java.net=ALL-UNNAMED --add-opens=java.base/java.util.concurrent.atomic=ALL-UNNAMED -Xmx2048m -Dfile.encoding=windows-1252 -Duser.country=US -Duser.language=en -Duser.variant -javaagent:C:\Users\DELL\.gradle\wrapper\dists\gradle-8.3-all\6en3ugtfdg5xnpx44z4qbwgas\gradle-8.3\lib\agents\gradle-instrumentation-agent-8.3.jar org.gradle.launcher.daemon.bootstrap.GradleDaemon 8.3

Host: Intel(R) Core(TM) i5-6300U CPU @ 2.40GHz, 4 cores, 7G,  Windows 11 , 64 bit Build 22000 (10.0.22000.1516)
Time: Wed Mar 20 01:28:10 2024 SE Asia Standard Time elapsed time: 126.908896 seconds (0d 0h 2m 6s)

---------------  T H R E A D  ---------------

Current thread (0x000001e4febe1450):  VMThread "VM Thread" [stack: 0x000000d619f00000,0x000000d61a000000] [id=12592]

Stack: [0x000000d619f00000,0x000000d61a000000]
Native frames: (J=compiled Java code, j=interpreted, Vv=VM code, C=native code)
V  [jvm.dll+0x678a4a]
V  [jvm.dll+0x7d9cfd]
V  [jvm.dll+0x7db60e]
V  [jvm.dll+0x7dbc73]
V  [jvm.dll+0x245e1f]
V  [jvm.dll+0x6758f9]
V  [jvm.dll+0x66a2a2]
V  [jvm.dll+0x303686]
V  [jvm.dll+0x30ac06]
V  [jvm.dll+0x35a48e]
V  [jvm.dll+0x35a6bf]
V  [jvm.dll+0x2da678]
V  [jvm.dll+0x2d8a85]
V  [jvm.dll+0x2d808c]
V  [jvm.dll+0x31b97b]
V  [jvm.dll+0x7e048b]
V  [jvm.dll+0x7e11c4]
V  [jvm.dll+0x7e16dd]
V  [jvm.dll+0x7e1ab4]
V  [jvm.dll+0x7e1b80]
V  [jvm.dll+0x78998a]
V  [jvm.dll+0x677875]
C  [ucrtbase.dll+0x26c0c]
C  [KERNEL32.DLL+0x155a0]
C  [ntdll.dll+0x485b]

VM_Operation (0x000000d6197fdce0): G1CollectForAllocation, mode: safepoint, requested by thread 0x000001e4a629b8f0


---------------  P R O C E S S  ---------------

Threads class SMR info:
_java_thread_list=0x000001e4b0743270, length=95, elements={
0x000001e4e72b7e90, 0x000001e4febe5690, 0x000001e4febe9270, 0x000001e4fec04820,
0x000001e4fec071f0, 0x000001e4fec07bb0, 0x000001e4fec08570, 0x000001e4fec0a270,
0x000001e4fec0ad20, 0x000001e4fec8a500, 0x000001e4febd5930, 0x000001e4feef3f50,
0x000001e4a596d480, 0x000001e4a50b1cb0, 0x000001e4a5916c20, 0x000001e4ff7b5fb0,
0x000001e4a62d1a30, 0x000001e4ff667fd0, 0x000001e4fec743d0, 0x000001e4fef984a0,
0x000001e4fef9a810, 0x000001e4fef989b0, 0x000001e4fef97570, 0x000001e4fef99df0,
0x000001e4fef98ec0, 0x000001e4fef9a300, 0x000001e4fef97060, 0x000001e4fef993d0,
0x000001e4fef97a80, 0x000001e4fef97f90, 0x000001e4a6299070, 0x000001e4a6299a90,
0x000001e4a6298140, 0x000001e4a629d750, 0x000001e4a6296d00, 0x000001e4a6297c30,
0x000001e4a629cd30, 0x000001e4a629c820, 0x000001e4a6299580, 0x000001e4a629b8f0,
0x000001e4a629be00, 0x000001e4a629c310, 0x000001e4a629b3e0, 0x000001e4a629d240,
0x000001e4a629aed0, 0x000001e4a629a9c0, 0x000001e4a6298b60, 0x000001e4a6297210,
0x000001e4a6297720, 0x000001e4a7a77730, 0x000001e4a7a77c40, 0x000001e4a7a79590,
0x000001e4a7a7b3f0, 0x000001e4a7a7cd40, 0x000001e4a7a7c830, 0x000001e4a7a78150,
0x000001e4a7a7a9d0, 0x000001e4a7a78b70, 0x000001e4a7a78660, 0x000001e4a7a7d760,
0x000001e4a7a79080, 0x000001e4a7a79aa0, 0x000001e4a7a7c320, 0x000001e4a7a79fb0,
0x000001e4a7a7dc70, 0x000001e4a7a76800, 0x000001e4a83beb10, 0x000001e4a62962e0,
0x000001e4b0315ce0, 0x000001e4b0314db0, 0x000001e4b0319490, 0x000001e4b0318a70,
0x000001e4b0312020, 0x000001e4b0318560, 0x000001e4b03161f0, 0x000001e4b03199a0,
0x000001e4b03157d0, 0x000001e4b0313460, 0x000001e4b0313970, 0x000001e4b0317120,
0x000001e4b0317630, 0x000001e4b0314390, 0x000001e4b03148a0, 0x000001e4a95b8460,
0x000001e4a95b56d0, 0x000001e4a95b4290, 0x000001e4a95b5be0, 0x000001e4a95b60f0,
0x000001e4a95b51c0, 0x000001e4a95bb1f0, 0x000001e4a95b98a0, 0x000001e4a95b7020,
0x000001e4a95bbc10, 0x000001e4a95b6600, 0x000001e4a95b7a40
}

Java Threads: ( => current thread )
  0x000001e4e72b7e90 JavaThread "main" [_thread_blocked, id=14724, stack(0x000000d619900000,0x000000d619a00000)]
  0x000001e4febe5690 JavaThread "Reference Handler" daemon [_thread_blocked, id=16356, stack(0x000000d61a000000,0x000000d61a100000)]
  0x000001e4febe9270 JavaThread "Finalizer" daemon [_thread_blocked, id=16352, stack(0x000000d61a100000,0x000000d61a200000)]
  0x000001e4fec04820 JavaThread "Signal Dispatcher" daemon [_thread_blocked, id=6352, stack(0x000000d61a200000,0x000000d61a300000)]
  0x000001e4fec071f0 JavaThread "Attach Listener" daemon [_thread_blocked, id=15648, stack(0x000000d61a300000,0x000000d61a400000)]
  0x000001e4fec07bb0 JavaThread "Service Thread" daemon [_thread_blocked, id=7040, stack(0x000000d61a400000,0x000000d61a500000)]
  0x000001e4fec08570 JavaThread "Monitor Deflation Thread" daemon [_thread_blocked, id=16136, stack(0x000000d61a500000,0x000000d61a600000)]
  0x000001e4fec0a270 JavaThread "C2 CompilerThread0" daemon [_thread_blocked, id=11604, stack(0x000000d61a600000,0x000000d61a700000)]
  0x000001e4fec0ad20 JavaThread "C1 CompilerThread0" daemon [_thread_blocked, id=12172, stack(0x000000d61a700000,0x000000d61a800000)]
  0x000001e4fec8a500 JavaThread "Sweeper thread" daemon [_thread_blocked, id=15712, stack(0x000000d61a800000,0x000000d61a900000)]
  0x000001e4febd5930 JavaThread "Common-Cleaner" daemon [_thread_blocked, id=16116, stack(0x000000d61a900000,0x000000d61aa00000)]
  0x000001e4feef3f50 JavaThread "Notification Thread" daemon [_thread_blocked, id=3596, stack(0x000000d61aa00000,0x000000d61ab00000)]
  0x000001e4a596d480 JavaThread "Daemon health stats" [_thread_blocked, id=648, stack(0x000000d61af00000,0x000000d61b000000)]
  0x000001e4a50b1cb0 JavaThread "Incoming local TCP Connector on port 53846" [_thread_in_native, id=468, stack(0x000000d61b000000,0x000000d61b100000)]
  0x000001e4a5916c20 JavaThread "Daemon periodic checks" [_thread_blocked, id=2004, stack(0x000000d61b100000,0x000000d61b200000)]
  0x000001e4ff7b5fb0 JavaThread "Daemon" [_thread_blocked, id=5932, stack(0x000000d61b200000,0x000000d61b300000)]
  0x000001e4a62d1a30 JavaThread "Handler for socket connection from /127.0.0.1:53846 to /127.0.0.1:53847" [_thread_in_native, id=14160, stack(0x000000d61b300000,0x000000d61b400000)]
  0x000001e4ff667fd0 JavaThread "Cancel handler" [_thread_blocked, id=13744, stack(0x000000d61b400000,0x000000d61b500000)]
  0x000001e4fec743d0 JavaThread "Daemon worker" [_thread_blocked, id=11120, stack(0x000000d61b500000,0x000000d61b600000)]
  0x000001e4fef984a0 JavaThread "Asynchronous log dispatcher for DefaultDaemonConnection: socket connection from /127.0.0.1:53846 to /127.0.0.1:53847" [_thread_blocked, id=7544, stack(0x000000d61b600000,0x000000d61b700000)]
  0x000001e4fef9a810 JavaThread "Stdin handler" [_thread_blocked, id=308, stack(0x000000d61b700000,0x000000d61b800000)]
  0x000001e4fef989b0 JavaThread "Daemon client event forwarder" [_thread_blocked, id=11276, stack(0x000000d61b800000,0x000000d61b900000)]
  0x000001e4fef97570 JavaThread "Cache worker for journal cache (C:\Users\DELL\.gradle\caches\journal-1)" [_thread_blocked, id=9476, stack(0x000000d61b900000,0x000000d61ba00000)]
  0x000001e4fef99df0 JavaThread "File lock request listener" [_thread_in_native, id=16124, stack(0x000000d61ba00000,0x000000d61bb00000)]
  0x000001e4fef98ec0 JavaThread "Cache worker for file hash cache (C:\Users\DELL\.gradle\caches\8.3\fileHashes)" [_thread_blocked, id=14604, stack(0x000000d61bb00000,0x000000d61bc00000)]
  0x000001e4fef9a300 JavaThread "File watcher server" daemon [_thread_blocked, id=15932, stack(0x000000d61bc00000,0x000000d61bd00000)]
  0x000001e4fef97060 JavaThread "File watcher consumer" daemon [_thread_blocked, id=6464, stack(0x000000d61bd00000,0x000000d61be00000)]
  0x000001e4fef993d0 JavaThread "Cache worker for checksums cache (C:\AnTu_PNV24\Graduation_Project\Ecoscan_Application\android\.gradle\8.3\checksums)" [_thread_blocked, id=9488, stack(0x000000d61be00000,0x000000d61bf00000)]
  0x000001e4fef97a80 JavaThread "Cache worker for file hash cache (C:\AnTu_PNV24\Graduation_Project\Ecoscan_Application\android\.gradle\8.3\fileHashes)" [_thread_blocked, id=13528, stack(0x000000d61bf00000,0x000000d61c000000)]
  0x000001e4fef97f90 JavaThread "Cache worker for cache directory md-supplier (C:\Users\DELL\.gradle\caches\8.3\md-supplier)" [_thread_blocked, id=14688, stack(0x000000d61c000000,0x000000d61c100000)]
  0x000001e4a6299070 JavaThread "Cache worker for file content cache (C:\Users\DELL\.gradle\caches\8.3\fileContent)" [_thread_blocked, id=5384, stack(0x000000d61c100000,0x000000d61c200000)]
  0x000001e4a6299a90 JavaThread "Cache worker for cache directory md-rule (C:\Users\DELL\.gradle\caches\8.3\md-rule)" [_thread_blocked, id=15820, stack(0x000000d61c300000,0x000000d61c400000)]
  0x000001e4a6298140 JavaThread "Cache worker for execution history cache (C:\Users\DELL\.gradle\caches\8.3\executionHistory)" [_thread_blocked, id=7008, stack(0x000000d61c400000,0x000000d61c500000)]
  0x000001e4a629d750 JavaThread "jar transforms" [_thread_blocked, id=15092, stack(0x000000d61c600000,0x000000d61c700000)]
  0x000001e4a6296d00 JavaThread "jar transforms Thread 2" [_thread_blocked, id=12708, stack(0x000000d61c700000,0x000000d61c800000)]
  0x000001e4a6297c30 JavaThread "jar transforms Thread 3" [_thread_blocked, id=6812, stack(0x000000d61c800000,0x000000d61c900000)]
  0x000001e4a629cd30 JavaThread "jar transforms Thread 4" [_thread_blocked, id=16016, stack(0x000000d61c900000,0x000000d61ca00000)]
  0x000001e4a629c820 JavaThread "Cache worker for kotlin-dsl (C:\Users\DELL\.gradle\caches\8.3\kotlin-dsl)" [_thread_blocked, id=13460, stack(0x000000d61cd00000,0x000000d61ce00000)]
  0x000001e4a6299580 JavaThread "Unconstrained build operations" [_thread_blocked, id=3356, stack(0x000000d619600000,0x000000d619700000)]
  0x000001e4a629b8f0 JavaThread "Unconstrained build operations Thread 2" [_thread_blocked, id=396, stack(0x000000d619700000,0x000000d619800000)]
  0x000001e4a629be00 JavaThread "Cache worker for dependencies-accessors (C:\AnTu_PNV24\Graduation_Project\Ecoscan_Application\android\.gradle\8.3\dependencies-accessors)" [_thread_blocked, id=7900, stack(0x000000d61cc00000,0x000000d61cd00000)]
  0x000001e4a629c310 JavaThread "Cache worker for Build Output Cleanup Cache (C:\AnTu_PNV24\Graduation_Project\Ecoscan_Application\node_modules\@react-native\gradle-plugin\.gradle\buildOutputCleanup)" [_thread_blocked, id=15880, stack(0x000000d61ce00000,0x000000d61cf00000)]
  0x000001e4a629b3e0 JavaThread "Unconstrained build operations Thread 3" [_thread_blocked, id=7872, stack(0x000000d61cf00000,0x000000d61d000000)]
  0x000001e4a629d240 JavaThread "Unconstrained build operations Thread 4" [_thread_blocked, id=8748, stack(0x000000d61d000000,0x000000d61d100000)]
  0x000001e4a629aed0 JavaThread "Unconstrained build operations Thread 5" [_thread_blocked, id=9920, stack(0x000000d61d100000,0x000000d61d200000)]
  0x000001e4a629a9c0 JavaThread "Memory manager" [_thread_blocked, id=14512, stack(0x000000d61d200000,0x000000d61d300000)]
  0x000001e4a6298b60 JavaThread "Cache worker for Build Output Cleanup Cache (C:\AnTu_PNV24\Graduation_Project\Ecoscan_Application\android\.gradle\buildOutputCleanup)" [_thread_blocked, id=6956, stack(0x000000d61d300000,0x000000d61d400000)]
  0x000001e4a6297210 JavaThread "ForkJoinPool.commonPool-worker-1" daemon [_thread_blocked, id=4692, stack(0x000000d61d400000,0x000000d61d500000)]
  0x000001e4a6297720 JavaThread "ForkJoinPool.commonPool-worker-2" daemon [_thread_blocked, id=8720, stack(0x000000d61d500000,0x000000d61d600000)]
  0x000001e4a7a77730 JavaThread "ForkJoinPool.commonPool-worker-3" daemon [_thread_blocked, id=5808, stack(0x000000d61d600000,0x000000d61d700000)]
  0x000001e4a7a77c40 JavaThread "Exec process" daemon [_thread_blocked, id=15836, stack(0x000000d61d700000,0x000000d61d800000)]
  0x000001e4a7a79590 JavaThread "Exec process Thread 2" daemon [_thread_blocked, id=15936, stack(0x000000d61d800000,0x000000d61d900000)]
  0x000001e4a7a7b3f0 JavaThread "Exec process Thread 3" daemon [_thread_blocked, id=14056, stack(0x000000d61d900000,0x000000d61da00000)]
  0x000001e4a7a7cd40 JavaThread "included builds" [_thread_blocked, id=14824, stack(0x000000d61da00000,0x000000d61db00000)]
  0x000001e4a7a7c830 JavaThread "Execution worker" [_thread_blocked, id=3084, stack(0x000000d61db00000,0x000000d61dc00000)]
  0x000001e4a7a78150 JavaThread "Execution worker Thread 2" [_thread_blocked, id=6676, stack(0x000000d61dc00000,0x000000d61dd00000)]
  0x000001e4a7a7a9d0 JavaThread "Execution worker Thread 3" [_thread_blocked, id=15708, stack(0x000000d61dd00000,0x000000d61de00000)]
  0x000001e4a7a78b70 JavaThread "Cache worker for execution history cache (C:\AnTu_PNV24\Graduation_Project\Ecoscan_Application\node_modules\@react-native\gradle-plugin\.gradle\8.3\executionHistory)" [_thread_blocked, id=6196, stack(0x000000d61de00000,0x000000d61df00000)]
  0x000001e4a7a78660 JavaThread "Unconstrained build operations Thread 6" [_thread_blocked, id=10012, stack(0x000000d61df00000,0x000000d61e000000)]
  0x000001e4a7a7d760 JavaThread "Unconstrained build operations Thread 7" [_thread_blocked, id=2576, stack(0x000000d61e000000,0x000000d61e100000)]
  0x000001e4a7a79080 JavaThread "Unconstrained build operations Thread 8" [_thread_blocked, id=11456, stack(0x000000d61e100000,0x000000d61e200000)]
  0x000001e4a7a79aa0 JavaThread "Unconstrained build operations Thread 9" [_thread_blocked, id=944, stack(0x000000d61e200000,0x000000d61e300000)]
  0x000001e4a7a7c320 JavaThread "Unconstrained build operations Thread 10" [_thread_blocked, id=15816, stack(0x000000d61e300000,0x000000d61e400000)]
  0x000001e4a7a79fb0 JavaThread "Unconstrained build operations Thread 11" [_thread_blocked, id=11700, stack(0x000000d61e400000,0x000000d61e500000)]
  0x000001e4a7a7dc70 JavaThread "Unconstrained build operations Thread 12" [_thread_blocked, id=8840, stack(0x000000d61e500000,0x000000d61e600000)]
  0x000001e4a7a76800 JavaThread "Unconstrained build operations Thread 13" [_thread_blocked, id=3156, stack(0x000000d61e600000,0x000000d61e700000)]
  0x000001e4a83beb10 JavaThread "C2 CompilerThread1" daemon [_thread_blocked, id=1772, stack(0x000000d619800000,0x000000d619900000)]
  0x000001e4a62962e0 JavaThread "Unconstrained build operations Thread 14" [_thread_blocked, id=14016, stack(0x000000d61c500000,0x000000d61c600000)]
  0x000001e4b0315ce0 JavaThread "Unconstrained build operations Thread 15" [_thread_blocked, id=15716, stack(0x000000d61e700000,0x000000d61e800000)]
  0x000001e4b0314db0 JavaThread "Unconstrained build operations Thread 16" [_thread_blocked, id=3940, stack(0x000000d61e800000,0x000000d61e900000)]
  0x000001e4b0319490 JavaThread "Unconstrained build operations Thread 17" [_thread_blocked, id=14152, stack(0x000000d61e900000,0x000000d61ea00000)]
  0x000001e4b0318a70 JavaThread "Unconstrained build operations Thread 18" [_thread_blocked, id=15096, stack(0x000000d61ea00000,0x000000d61eb00000)]
  0x000001e4b0312020 JavaThread "Unconstrained build operations Thread 19" [_thread_blocked, id=16092, stack(0x000000d61eb00000,0x000000d61ec00000)]
  0x000001e4b0318560 JavaThread "Unconstrained build operations Thread 20" [_thread_blocked, id=10020, stack(0x000000d61ec00000,0x000000d61ed00000)]
  0x000001e4b03161f0 JavaThread "Unconstrained build operations Thread 21" [_thread_blocked, id=14588, stack(0x000000d61ed00000,0x000000d61ee00000)]
  0x000001e4b03199a0 JavaThread "Unconstrained build operations Thread 22" [_thread_blocked, id=15392, stack(0x000000d61ee00000,0x000000d61ef00000)]
  0x000001e4b03157d0 JavaThread "Unconstrained build operations Thread 23" [_thread_blocked, id=15380, stack(0x000000d61ef00000,0x000000d61f000000)]
  0x000001e4b0313460 JavaThread "Unconstrained build operations Thread 24" [_thread_blocked, id=16316, stack(0x000000d61f000000,0x000000d61f100000)]
  0x000001e4b0313970 JavaThread "Unconstrained build operations Thread 25" [_thread_blocked, id=16096, stack(0x000000d61f100000,0x000000d61f200000)]
  0x000001e4b0317120 JavaThread "Unconstrained build operations Thread 26" [_thread_blocked, id=2464, stack(0x000000d61f200000,0x000000d61f300000)]
  0x000001e4b0317630 JavaThread "Unconstrained build operations Thread 27" [_thread_blocked, id=6428, stack(0x000000d61f300000,0x000000d61f400000)]
  0x000001e4b0314390 JavaThread "Unconstrained build operations Thread 28" [_thread_blocked, id=8148, stack(0x000000d61f400000,0x000000d61f500000)]
  0x000001e4b03148a0 JavaThread "Unconstrained build operations Thread 29" [_thread_blocked, id=6328, stack(0x000000d61f500000,0x000000d61f600000)]
  0x000001e4a95b8460 JavaThread "Unconstrained build operations Thread 30" [_thread_blocked, id=15492, stack(0x000000d61f600000,0x000000d61f700000)]
  0x000001e4a95b56d0 JavaThread "Unconstrained build operations Thread 31" [_thread_blocked, id=5420, stack(0x000000d61f700000,0x000000d61f800000)]
  0x000001e4a95b4290 JavaThread "Unconstrained build operations Thread 32" [_thread_blocked, id=12200, stack(0x000000d61f800000,0x000000d61f900000)]
  0x000001e4a95b5be0 JavaThread "Unconstrained build operations Thread 33" [_thread_blocked, id=13812, stack(0x000000d61f900000,0x000000d61fa00000)]
  0x000001e4a95b60f0 JavaThread "Unconstrained build operations Thread 34" [_thread_blocked, id=1900, stack(0x000000d61fa00000,0x000000d61fb00000)]
  0x000001e4a95b51c0 JavaThread "Unconstrained build operations Thread 35" [_thread_blocked, id=13708, stack(0x000000d61fb00000,0x000000d61fc00000)]
  0x000001e4a95bb1f0 JavaThread "Unconstrained build operations Thread 36" [_thread_blocked, id=15408, stack(0x000000d61fc00000,0x000000d61fd00000)]
  0x000001e4a95b98a0 JavaThread "Unconstrained build operations Thread 37" [_thread_blocked, id=392, stack(0x000000d61fd00000,0x000000d61fe00000)]
  0x000001e4a95b7020 JavaThread "Unconstrained build operations Thread 38" [_thread_blocked, id=15428, stack(0x000000d61fe00000,0x000000d61ff00000)]
  0x000001e4a95bbc10 JavaThread "Unconstrained build operations Thread 39" [_thread_blocked, id=3160, stack(0x000000d61ff00000,0x000000d620000000)]
  0x000001e4a95b6600 JavaThread "Unconstrained build operations Thread 40" [_thread_blocked, id=8132, stack(0x000000d620000000,0x000000d620100000)]
  0x000001e4a95b7a40 JavaThread "Cache worker for execution history cache (C:\AnTu_PNV24\Graduation_Project\Ecoscan_Application\android\.gradle\8.3\executionHistory)" [_thread_blocked, id=5268, stack(0x000000d620100000,0x000000d620200000)]

Other Threads:
=>0x000001e4febe1450 VMThread "VM Thread" [stack: 0x000000d619f00000,0x000000d61a000000] [id=12592]
  0x000001e4e72b8d10 WatcherThread [stack: 0x000000d61ab00000,0x000000d61ac00000] [id=16360]
  0x000001e4e7312fb0 GCTaskThread "GC Thread#0" [stack: 0x000000d619a00000,0x000000d619b00000] [id=15680]
  0x000001e4ff0ce460 GCTaskThread "GC Thread#1" [stack: 0x000000d61ac00000,0x000000d61ad00000] [id=13624]
  0x000001e4ff0cf2d0 GCTaskThread "GC Thread#2" [stack: 0x000000d61ad00000,0x000000d61ae00000] [id=11904]
  0x000001e4a5211180 GCTaskThread "GC Thread#3" [stack: 0x000000d61ae00000,0x000000d61af00000] [id=14712]
  0x000001e4e7324f10 ConcurrentGCThread "G1 Main Marker" [stack: 0x000000d619b00000,0x000000d619c00000] [id=6388]
  0x000001e4e7325a80 ConcurrentGCThread "G1 Conc#0" [stack: 0x000000d619c00000,0x000000d619d00000] [id=1472]
  0x000001e4feaa0090 ConcurrentGCThread "G1 Refine#0" [stack: 0x000000d619d00000,0x000000d619e00000] [id=15276]
  0x000001e4ff7502e0 ConcurrentGCThread "G1 Refine#1" [stack: 0x000000d61c200000,0x000000d61c300000] [id=936]
  0x000001e4feaa1c30 ConcurrentGCThread "G1 Service" [stack: 0x000000d619e00000,0x000000d619f00000] [id=13908]

Threads with active compile tasks:
C2 CompilerThread0   126980 17834       4       org.gradle.api.internal.artifacts.transform.AbstractTransformedArtifactSet::visit (104 bytes)
C2 CompilerThread1   126980 17816       4       org.gradle.api.internal.artifacts.transform.TransformingAsyncArtifactListener$TransformedArtifact::prepareForVisitingIfNotAlready (40 bytes)

VM state: at safepoint (normal execution)

VM Mutex/Monitor currently owned by a thread:  ([mutex/lock_event])
[0x000001e4e72b3930] Threads_lock - owner thread: 0x000001e4febe1450
[0x000001e4e72b4350] Heap_lock - owner thread: 0x000001e4a629b8f0

Heap address: 0x0000000080000000, size: 2048 MB, Compressed Oops mode: 32-bit

CDS archive(s) mapped at: [0x000001e486000000-0x000001e486bd0000-0x000001e486bd0000), size 12386304, SharedBaseAddress: 0x000001e486000000, ArchiveRelocationMode: 1.
Compressed class space mapped at: 0x000001e487000000-0x000001e4a1000000, reserved size: 436207616
Narrow klass base: 0x000001e486000000, Narrow klass shift: 0, Narrow klass range: 0x100000000

GC Precious Log:
 CPUs: 4 total, 4 available
 Memory: 8018M
 Large Page Support: Disabled
 NUMA Support: Disabled
 Compressed Oops: Enabled (32-bit)
 Heap Region Size: 1M
 Heap Min Capacity: 8M
 Heap Initial Capacity: 126M
 Heap Max Capacity: 2G
 Pre-touch: Disabled
 Parallel Workers: 4
 Concurrent Workers: 1
 Concurrent Refinement Workers: 4
 Periodic GC: Disabled

Heap:
 garbage-first heap   total 309248K, used 262974K [0x0000000080000000, 0x0000000100000000)
  region size 1024K, 2 young (2048K), 2 survivors (2048K)
 Metaspace       used 106404K, committed 108032K, reserved 557056K
  class space    used 14867K, committed 15616K, reserved 425984K

Heap Regions: E=young(eden), S=young(survivor), O=old, HS=humongous(starts), HC=humongous(continues), CS=collection set, F=free, OA=open archive, CA=closed archive, TAMS=top-at-mark-start (previous, next)
|   0|0x0000000080000000, 0x0000000080100000, 0x0000000080100000|100%| O|  |TAMS 0x0000000080100000, 0x0000000080100000| Untracked 
|   1|0x0000000080100000, 0x0000000080200000, 0x0000000080200000|100%| O|  |TAMS 0x0000000080200000, 0x0000000080200000| Untracked 
|   2|0x0000000080200000, 0x0000000080300000, 0x0000000080300000|100%|HS|  |TAMS 0x0000000080300000, 0x0000000080300000| Complete 
|   3|0x0000000080300000, 0x0000000080400000, 0x0000000080400000|100%|HC|  |TAMS 0x0000000080400000, 0x0000000080400000| Complete 
|   4|0x0000000080400000, 0x0000000080500000, 0x0000000080500000|100%|HC|  |TAMS 0x0000000080500000, 0x0000000080500000| Complete 
|   5|0x0000000080500000, 0x0000000080600000, 0x0000000080600000|100%|HC|  |TAMS 0x0000000080600000, 0x0000000080600000| Complete 
|   6|0x0000000080600000, 0x0000000080700000, 0x0000000080700000|100%| O|  |TAMS 0x0000000080700000, 0x0000000080700000| Untracked 
|   7|0x0000000080700000, 0x0000000080800000, 0x0000000080800000|100%| O|  |TAMS 0x0000000080800000, 0x0000000080800000| Untracked 
|   8|0x0000000080800000, 0x0000000080900000, 0x0000000080900000|100%| O|  |TAMS 0x0000000080900000, 0x0000000080900000| Untracked 
|   9|0x0000000080900000, 0x0000000080a00000, 0x0000000080a00000|100%| O|  |TAMS 0x0000000080a00000, 0x0000000080a00000| Untracked 
|  10|0x0000000080a00000, 0x0000000080b00000, 0x0000000080b00000|100%| O|  |TAMS 0x0000000080b00000, 0x0000000080b00000| Untracked 
|  11|0x0000000080b00000, 0x0000000080c00000, 0x0000000080c00000|100%| O|  |TAMS 0x0000000080c00000, 0x0000000080c00000| Untracked 
|  12|0x0000000080c00000, 0x0000000080d00000, 0x0000000080d00000|100%| O|  |TAMS 0x0000000080d00000, 0x0000000080d00000| Untracked 
|  13|0x0000000080d00000, 0x0000000080e00000, 0x0000000080e00000|100%| O|  |TAMS 0x0000000080e00000, 0x0000000080e00000| Untracked 
|  14|0x0000000080e00000, 0x0000000080f00000, 0x0000000080f00000|100%| O|  |TAMS 0x0000000080f00000, 0x0000000080f00000| Untracked 
|  15|0x0000000080f00000, 0x0000000081000000, 0x0000000081000000|100%| O|  |TAMS 0x0000000081000000, 0x0000000081000000| Untracked 
|  16|0x0000000081000000, 0x0000000081100000, 0x0000000081100000|100%| O|  |TAMS 0x0000000081100000, 0x0000000081100000| Untracked 
|  17|0x0000000081100000, 0x0000000081200000, 0x0000000081200000|100%| O|  |TAMS 0x0000000081200000, 0x0000000081200000| Untracked 
|  18|0x0000000081200000, 0x0000000081300000, 0x0000000081300000|100%| O|  |TAMS 0x0000000081300000, 0x0000000081300000| Untracked 
|  19|0x0000000081300000, 0x0000000081400000, 0x0000000081400000|100%| O|  |TAMS 0x0000000081400000, 0x0000000081400000| Untracked 
|  20|0x0000000081400000, 0x0000000081500000, 0x0000000081500000|100%| O|  |TAMS 0x0000000081500000, 0x0000000081500000| Untracked 
|  21|0x0000000081500000, 0x0000000081600000, 0x0000000081600000|100%| O|  |TAMS 0x0000000081600000, 0x0000000081600000| Untracked 
|  22|0x0000000081600000, 0x0000000081700000, 0x0000000081700000|100%| O|  |TAMS 0x0000000081700000, 0x0000000081700000| Untracked 
|  23|0x0000000081700000, 0x0000000081800000, 0x0000000081800000|100%| O|  |TAMS 0x0000000081800000, 0x0000000081800000| Untracked 
|  24|0x0000000081800000, 0x0000000081900000, 0x0000000081900000|100%| O|  |TAMS 0x0000000081900000, 0x0000000081900000| Untracked 
|  25|0x0000000081900000, 0x0000000081a00000, 0x0000000081a00000|100%| O|  |TAMS 0x0000000081900000, 0x0000000081a00000| Untracked 
|  26|0x0000000081a00000, 0x0000000081b00000, 0x0000000081b00000|100%| O|  |TAMS 0x0000000081b00000, 0x0000000081b00000| Untracked 
|  27|0x0000000081b00000, 0x0000000081c00000, 0x0000000081c00000|100%| O|  |TAMS 0x0000000081c00000, 0x0000000081c00000| Untracked 
|  28|0x0000000081c00000, 0x0000000081d00000, 0x0000000081d00000|100%| O|  |TAMS 0x0000000081d00000, 0x0000000081d00000| Untracked 
|  29|0x0000000081d00000, 0x0000000081e00000, 0x0000000081e00000|100%| O|  |TAMS 0x0000000081e00000, 0x0000000081e00000| Untracked 
|  30|0x0000000081e00000, 0x0000000081f00000, 0x0000000081f00000|100%| O|  |TAMS 0x0000000081f00000, 0x0000000081f00000| Untracked 
|  31|0x0000000081f00000, 0x0000000082000000, 0x0000000082000000|100%| O|  |TAMS 0x0000000082000000, 0x0000000082000000| Untracked 
|  32|0x0000000082000000, 0x0000000082100000, 0x0000000082100000|100%|HS|  |TAMS 0x0000000082000000, 0x0000000082100000| Complete 
|  33|0x0000000082100000, 0x0000000082200000, 0x0000000082200000|100%| O|  |TAMS 0x0000000082200000, 0x0000000082200000| Untracked 
|  34|0x0000000082200000, 0x0000000082300000, 0x0000000082300000|100%| O|  |TAMS 0x0000000082300000, 0x0000000082300000| Untracked 
|  35|0x0000000082300000, 0x0000000082400000, 0x0000000082400000|100%| O|  |TAMS 0x0000000082400000, 0x0000000082400000| Untracked 
|  36|0x0000000082400000, 0x0000000082500000, 0x0000000082500000|100%| O|  |TAMS 0x0000000082500000, 0x0000000082500000| Untracked 
|  37|0x0000000082500000, 0x0000000082600000, 0x0000000082600000|100%| O|  |TAMS 0x0000000082600000, 0x0000000082600000| Untracked 
|  38|0x0000000082600000, 0x0000000082700000, 0x0000000082700000|100%|HS|  |TAMS 0x0000000082700000, 0x0000000082700000| Complete 
|  39|0x0000000082700000, 0x0000000082800000, 0x0000000082800000|100%|HC|  |TAMS 0x0000000082800000, 0x0000000082800000| Complete 
|  40|0x0000000082800000, 0x0000000082900000, 0x0000000082900000|100%|HS|  |TAMS 0x0000000082900000, 0x0000000082900000| Complete 
|  41|0x0000000082900000, 0x0000000082a00000, 0x0000000082a00000|100%|HC|  |TAMS 0x0000000082a00000, 0x0000000082a00000| Complete 
|  42|0x0000000082a00000, 0x0000000082b00000, 0x0000000082b00000|100%|HS|  |TAMS 0x0000000082b00000, 0x0000000082b00000| Complete 
|  43|0x0000000082b00000, 0x0000000082c00000, 0x0000000082c00000|100%|HC|  |TAMS 0x0000000082c00000, 0x0000000082c00000| Complete 
|  44|0x0000000082c00000, 0x0000000082d00000, 0x0000000082d00000|100%|HC|  |TAMS 0x0000000082d00000, 0x0000000082d00000| Complete 
|  45|0x0000000082d00000, 0x0000000082e00000, 0x0000000082e00000|100%|HC|  |TAMS 0x0000000082e00000, 0x0000000082e00000| Complete 
|  46|0x0000000082e00000, 0x0000000082f00000, 0x0000000082f00000|100%| O|  |TAMS 0x0000000082f00000, 0x0000000082f00000| Untracked 
|  47|0x0000000082f00000, 0x0000000083000000, 0x0000000083000000|100%| O|  |TAMS 0x0000000083000000, 0x0000000083000000| Untracked 
|  48|0x0000000083000000, 0x0000000083100000, 0x0000000083100000|100%| O|  |TAMS 0x0000000083100000, 0x0000000083100000| Untracked 
|  49|0x0000000083100000, 0x0000000083200000, 0x0000000083200000|100%| O|  |TAMS 0x0000000083200000, 0x0000000083200000| Untracked 
|  50|0x0000000083200000, 0x0000000083300000, 0x0000000083300000|100%| O|  |TAMS 0x0000000083300000, 0x0000000083300000| Untracked 
|  51|0x0000000083300000, 0x0000000083400000, 0x0000000083400000|100%|HS|  |TAMS 0x0000000083400000, 0x0000000083400000| Complete 
|  52|0x0000000083400000, 0x0000000083500000, 0x0000000083500000|100%|HC|  |TAMS 0x0000000083500000, 0x0000000083500000| Complete 
|  53|0x0000000083500000, 0x0000000083600000, 0x0000000083600000|100%|HC|  |TAMS 0x0000000083600000, 0x0000000083600000| Complete 
|  54|0x0000000083600000, 0x0000000083700000, 0x0000000083700000|100%|HC|  |TAMS 0x0000000083700000, 0x0000000083700000| Complete 
|  55|0x0000000083700000, 0x0000000083800000, 0x0000000083800000|100%| O|  |TAMS 0x0000000083800000, 0x0000000083800000| Untracked 
|  56|0x0000000083800000, 0x0000000083900000, 0x0000000083900000|100%| O|  |TAMS 0x0000000083900000, 0x0000000083900000| Untracked 
|  57|0x0000000083900000, 0x0000000083a00000, 0x0000000083a00000|100%| O|  |TAMS 0x0000000083a00000, 0x0000000083a00000| Untracked 
|  58|0x0000000083a00000, 0x0000000083b00000, 0x0000000083b00000|100%| O|  |TAMS 0x0000000083b00000, 0x0000000083b00000| Untracked 
|  59|0x0000000083b00000, 0x0000000083c00000, 0x0000000083c00000|100%| O|  |TAMS 0x0000000083c00000, 0x0000000083c00000| Untracked 
|  60|0x0000000083c00000, 0x0000000083d00000, 0x0000000083d00000|100%| O|  |TAMS 0x0000000083d00000, 0x0000000083d00000| Untracked 
|  61|0x0000000083d00000, 0x0000000083e00000, 0x0000000083e00000|100%| O|  |TAMS 0x0000000083e00000, 0x0000000083e00000| Untracked 
|  62|0x0000000083e00000, 0x0000000083f00000, 0x0000000083f00000|100%| O|  |TAMS 0x0000000083f00000, 0x0000000083f00000| Untracked 
|  63|0x0000000083f00000, 0x0000000084000000, 0x0000000084000000|100%| O|  |TAMS 0x0000000084000000, 0x0000000084000000| Untracked 
|  64|0x0000000084000000, 0x0000000084100000, 0x0000000084100000|100%| O|  |TAMS 0x0000000084100000, 0x0000000084100000| Untracked 
|  65|0x0000000084100000, 0x0000000084200000, 0x0000000084200000|100%| O|  |TAMS 0x0000000084200000, 0x0000000084200000| Untracked 
|  66|0x0000000084200000, 0x0000000084300000, 0x0000000084300000|100%| O|  |TAMS 0x0000000084300000, 0x0000000084300000| Untracked 
|  67|0x0000000084300000, 0x0000000084400000, 0x0000000084400000|100%| O|  |TAMS 0x0000000084400000, 0x0000000084400000| Untracked 
|  68|0x0000000084400000, 0x0000000084500000, 0x0000000084500000|100%| O|  |TAMS 0x0000000084500000, 0x0000000084500000| Untracked 
|  69|0x0000000084500000, 0x0000000084600000, 0x0000000084600000|100%| O|  |TAMS 0x0000000084600000, 0x0000000084600000| Untracked 
|  70|0x0000000084600000, 0x0000000084700000, 0x0000000084700000|100%|HS|  |TAMS 0x0000000084700000, 0x0000000084700000| Complete 
|  71|0x0000000084700000, 0x0000000084800000, 0x0000000084800000|100%|HS|  |TAMS 0x0000000084800000, 0x0000000084800000| Complete 
|  72|0x0000000084800000, 0x0000000084900000, 0x0000000084900000|100%|HS|  |TAMS 0x0000000084900000, 0x0000000084900000| Complete 
|  73|0x0000000084900000, 0x0000000084a00000, 0x0000000084a00000|100%| O|  |TAMS 0x0000000084a00000, 0x0000000084a00000| Untracked 
|  74|0x0000000084a00000, 0x0000000084b00000, 0x0000000084b00000|100%|HS|  |TAMS 0x0000000084b00000, 0x0000000084b00000| Complete 
|  75|0x0000000084b00000, 0x0000000084c00000, 0x0000000084c00000|100%| O|  |TAMS 0x0000000084c00000, 0x0000000084c00000| Untracked 
|  76|0x0000000084c00000, 0x0000000084d00000, 0x0000000084d00000|100%| O|  |TAMS 0x0000000084d00000, 0x0000000084d00000| Untracked 
|  77|0x0000000084d00000, 0x0000000084e00000, 0x0000000084e00000|100%| O|  |TAMS 0x0000000084e00000, 0x0000000084e00000| Untracked 
|  78|0x0000000084e00000, 0x0000000084f00000, 0x0000000084f00000|100%| O|  |TAMS 0x0000000084f00000, 0x0000000084f00000| Untracked 
|  79|0x0000000084f00000, 0x0000000085000000, 0x0000000085000000|100%| O|  |TAMS 0x0000000085000000, 0x0000000085000000| Untracked 
|  80|0x0000000085000000, 0x0000000085100000, 0x0000000085100000|100%| O|  |TAMS 0x0000000085100000, 0x0000000085100000| Untracked 
|  81|0x0000000085100000, 0x0000000085200000, 0x0000000085200000|100%| O|  |TAMS 0x0000000085100000, 0x0000000085200000| Untracked 
|  82|0x0000000085200000, 0x0000000085300000, 0x0000000085300000|100%| O|  |TAMS 0x0000000085200000, 0x0000000085300000| Untracked 
|  83|0x0000000085300000, 0x0000000085400000, 0x0000000085400000|100%| O|  |TAMS 0x0000000085300000, 0x0000000085400000| Untracked 
|  84|0x0000000085400000, 0x0000000085500000, 0x0000000085500000|100%| O|  |TAMS 0x0000000085400000, 0x0000000085500000| Untracked 
|  85|0x0000000085500000, 0x0000000085600000, 0x0000000085600000|100%| O|  |TAMS 0x0000000085500000, 0x0000000085600000| Untracked 
|  86|0x0000000085600000, 0x0000000085700000, 0x0000000085700000|100%| O|  |TAMS 0x0000000085600000, 0x0000000085700000| Untracked 
|  87|0x0000000085700000, 0x0000000085800000, 0x0000000085800000|100%| O|  |TAMS 0x0000000085700000, 0x0000000085800000| Untracked 
|  88|0x0000000085800000, 0x0000000085900000, 0x0000000085900000|100%| O|  |TAMS 0x0000000085800000, 0x0000000085900000| Untracked 
|  89|0x0000000085900000, 0x0000000085a00000, 0x0000000085a00000|100%| O|  |TAMS 0x0000000085900000, 0x0000000085a00000| Untracked 
|  90|0x0000000085a00000, 0x0000000085b00000, 0x0000000085b00000|100%| O|  |TAMS 0x0000000085a00000, 0x0000000085b00000| Untracked 
|  91|0x0000000085b00000, 0x0000000085c00000, 0x0000000085c00000|100%| O|  |TAMS 0x0000000085b00000, 0x0000000085c00000| Untracked 
|  92|0x0000000085c00000, 0x0000000085d00000, 0x0000000085d00000|100%| O|  |TAMS 0x0000000085c00000, 0x0000000085d00000| Untracked 
|  93|0x0000000085d00000, 0x0000000085e00000, 0x0000000085e00000|100%| O|  |TAMS 0x0000000085d00000, 0x0000000085e00000| Untracked 
|  94|0x0000000085e00000, 0x0000000085f00000, 0x0000000085f00000|100%| O|  |TAMS 0x0000000085e00000, 0x0000000085f00000| Untracked 
|  95|0x0000000085f00000, 0x0000000086000000, 0x0000000086000000|100%| O|  |TAMS 0x0000000085f00000, 0x0000000086000000| Untracked 
|  96|0x0000000086000000, 0x0000000086100000, 0x0000000086100000|100%|HS|  |TAMS 0x0000000086000000, 0x0000000086100000| Complete 
|  97|0x0000000086100000, 0x0000000086200000, 0x0000000086200000|100%|HC|  |TAMS 0x0000000086100000, 0x0000000086200000| Complete 
|  98|0x0000000086200000, 0x0000000086300000, 0x0000000086300000|100%| O|  |TAMS 0x0000000086200000, 0x0000000086300000| Untracked 
|  99|0x0000000086300000, 0x0000000086400000, 0x0000000086400000|100%| O|  |TAMS 0x0000000086300000, 0x0000000086400000| Untracked 
| 100|0x0000000086400000, 0x0000000086500000, 0x0000000086500000|100%| O|  |TAMS 0x0000000086400000, 0x0000000086500000| Untracked 
| 101|0x0000000086500000, 0x0000000086600000, 0x0000000086600000|100%| O|  |TAMS 0x0000000086500000, 0x0000000086600000| Untracked 
| 102|0x0000000086600000, 0x0000000086700000, 0x0000000086700000|100%| O|  |TAMS 0x0000000086600000, 0x0000000086700000| Untracked 
| 103|0x0000000086700000, 0x0000000086800000, 0x0000000086800000|100%| O|  |TAMS 0x0000000086700000, 0x0000000086800000| Untracked 
| 104|0x0000000086800000, 0x0000000086900000, 0x0000000086900000|100%| O|  |TAMS 0x0000000086800000, 0x0000000086900000| Untracked 
| 105|0x0000000086900000, 0x0000000086a00000, 0x0000000086a00000|100%| O|  |TAMS 0x0000000086900000, 0x0000000086a00000| Untracked 
| 106|0x0000000086a00000, 0x0000000086b00000, 0x0000000086b00000|100%| O|  |TAMS 0x0000000086a00000, 0x0000000086b00000| Untracked 
| 107|0x0000000086b00000, 0x0000000086c00000, 0x0000000086c00000|100%| O|  |TAMS 0x0000000086b00000, 0x0000000086c00000| Untracked 
| 108|0x0000000086c00000, 0x0000000086d00000, 0x0000000086d00000|100%| O|  |TAMS 0x0000000086c00000, 0x0000000086d00000| Untracked 
| 109|0x0000000086d00000, 0x0000000086e00000, 0x0000000086e00000|100%| O|  |TAMS 0x0000000086d00000, 0x0000000086e00000| Untracked 
| 110|0x0000000086e00000, 0x0000000086f00000, 0x0000000086f00000|100%| O|  |TAMS 0x0000000086e00000, 0x0000000086f00000| Untracked 
| 111|0x0000000086f00000, 0x0000000087000000, 0x0000000087000000|100%| O|  |TAMS 0x0000000086f00000, 0x0000000087000000| Untracked 
| 112|0x0000000087000000, 0x0000000087100000, 0x0000000087100000|100%| O|  |TAMS 0x0000000087000000, 0x0000000087100000| Untracked 
| 113|0x0000000087100000, 0x0000000087200000, 0x0000000087200000|100%| O|  |TAMS 0x0000000087100000, 0x0000000087200000| Untracked 
| 114|0x0000000087200000, 0x0000000087300000, 0x0000000087300000|100%| O|  |TAMS 0x0000000087200000, 0x0000000087300000| Untracked 
| 115|0x0000000087300000, 0x0000000087400000, 0x0000000087400000|100%| O|  |TAMS 0x0000000087300000, 0x0000000087400000| Untracked 
| 116|0x0000000087400000, 0x0000000087500000, 0x0000000087500000|100%| O|  |TAMS 0x0000000087400000, 0x0000000087500000| Untracked 
| 117|0x0000000087500000, 0x0000000087600000, 0x0000000087600000|100%| O|  |TAMS 0x0000000087500000, 0x0000000087600000| Untracked 
| 118|0x0000000087600000, 0x0000000087700000, 0x0000000087700000|100%| O|  |TAMS 0x0000000087600000, 0x0000000087700000| Untracked 
| 119|0x0000000087700000, 0x0000000087800000, 0x0000000087800000|100%| O|  |TAMS 0x0000000087700000, 0x0000000087800000| Untracked 
| 120|0x0000000087800000, 0x0000000087900000, 0x0000000087900000|100%| O|  |TAMS 0x0000000087800000, 0x0000000087900000| Untracked 
| 121|0x0000000087900000, 0x0000000087a00000, 0x0000000087a00000|100%| O|  |TAMS 0x0000000087900000, 0x0000000087a00000| Untracked 
| 122|0x0000000087a00000, 0x0000000087b00000, 0x0000000087b00000|100%| O|  |TAMS 0x0000000087a00000, 0x0000000087b00000| Untracked 
| 123|0x0000000087b00000, 0x0000000087c00000, 0x0000000087c00000|100%| O|  |TAMS 0x0000000087b00000, 0x0000000087c00000| Untracked 
| 124|0x0000000087c00000, 0x0000000087d00000, 0x0000000087d00000|100%|HS|  |TAMS 0x0000000087c00000, 0x0000000087d00000| Complete 
| 125|0x0000000087d00000, 0x0000000087e00000, 0x0000000087e00000|100%|HS|  |TAMS 0x0000000087d00000, 0x0000000087e00000| Complete 
| 126|0x0000000087e00000, 0x0000000087f00000, 0x0000000087f00000|100%|HS|  |TAMS 0x0000000087e00000, 0x0000000087f00000| Complete 
| 127|0x0000000087f00000, 0x0000000088000000, 0x0000000088000000|100%|HC|  |TAMS 0x0000000087f00000, 0x0000000088000000| Complete 
| 128|0x0000000088000000, 0x0000000088100000, 0x0000000088100000|100%| O|  |TAMS 0x0000000088000000, 0x0000000088100000| Untracked 
| 129|0x0000000088100000, 0x0000000088200000, 0x0000000088200000|100%| O|  |TAMS 0x0000000088100000, 0x0000000088200000| Untracked 
| 130|0x0000000088200000, 0x0000000088300000, 0x0000000088300000|100%| O|  |TAMS 0x0000000088200000, 0x0000000088300000| Untracked 
| 131|0x0000000088300000, 0x0000000088400000, 0x0000000088400000|100%| O|  |TAMS 0x0000000088300000, 0x0000000088400000| Untracked 
| 132|0x0000000088400000, 0x0000000088500000, 0x0000000088500000|100%| O|  |TAMS 0x0000000088400000, 0x0000000088500000| Untracked 
| 133|0x0000000088500000, 0x0000000088600000, 0x0000000088600000|100%| O|  |TAMS 0x0000000088500000, 0x0000000088600000| Untracked 
| 134|0x0000000088600000, 0x0000000088700000, 0x0000000088700000|100%| O|  |TAMS 0x0000000088600000, 0x0000000088700000| Untracked 
| 135|0x0000000088700000, 0x0000000088800000, 0x0000000088800000|100%| O|  |TAMS 0x0000000088700000, 0x0000000088800000| Untracked 
| 136|0x0000000088800000, 0x0000000088900000, 0x0000000088900000|100%| O|  |TAMS 0x0000000088800000, 0x0000000088900000| Untracked 
| 137|0x0000000088900000, 0x0000000088a00000, 0x0000000088a00000|100%| O|  |TAMS 0x0000000088900000, 0x0000000088a00000| Untracked 
| 138|0x0000000088a00000, 0x0000000088b00000, 0x0000000088b00000|100%| O|  |TAMS 0x0000000088a00000, 0x0000000088b00000| Untracked 
| 139|0x0000000088b00000, 0x0000000088c00000, 0x0000000088c00000|100%| O|  |TAMS 0x0000000088b00000, 0x0000000088c00000| Untracked 
| 140|0x0000000088c00000, 0x0000000088d00000, 0x0000000088d00000|100%| O|  |TAMS 0x0000000088c00000, 0x0000000088d00000| Untracked 
| 141|0x0000000088d00000, 0x0000000088e00000, 0x0000000088e00000|100%| O|  |TAMS 0x0000000088d00000, 0x0000000088e00000| Untracked 
| 142|0x0000000088e00000, 0x0000000088f00000, 0x0000000088f00000|100%| O|  |TAMS 0x0000000088e00000, 0x0000000088f00000| Untracked 
| 143|0x0000000088f00000, 0x0000000089000000, 0x0000000089000000|100%| O|  |TAMS 0x0000000088f00000, 0x0000000089000000| Untracked 
| 144|0x0000000089000000, 0x0000000089100000, 0x0000000089100000|100%| O|  |TAMS 0x0000000089000000, 0x0000000089100000| Untracked 
| 145|0x0000000089100000, 0x0000000089200000, 0x0000000089200000|100%| O|  |TAMS 0x0000000089100000, 0x0000000089200000| Untracked 
| 146|0x0000000089200000, 0x0000000089300000, 0x0000000089300000|100%|HS|  |TAMS 0x0000000089200000, 0x0000000089300000| Complete 
| 147|0x0000000089300000, 0x0000000089400000, 0x0000000089400000|100%|HS|  |TAMS 0x0000000089300000, 0x0000000089400000| Complete 
| 148|0x0000000089400000, 0x0000000089500000, 0x0000000089500000|100%| O|  |TAMS 0x0000000089400000, 0x0000000089500000| Untracked 
| 149|0x0000000089500000, 0x0000000089600000, 0x0000000089600000|100%| O|  |TAMS 0x0000000089500000, 0x0000000089600000| Untracked 
| 150|0x0000000089600000, 0x0000000089700000, 0x0000000089700000|100%| O|  |TAMS 0x0000000089600000, 0x0000000089700000| Untracked 
| 151|0x0000000089700000, 0x0000000089800000, 0x0000000089800000|100%| O|  |TAMS 0x0000000089700000, 0x0000000089800000| Untracked 
| 152|0x0000000089800000, 0x0000000089900000, 0x0000000089900000|100%| O|  |TAMS 0x0000000089800000, 0x0000000089900000| Untracked 
| 153|0x0000000089900000, 0x0000000089a00000, 0x0000000089a00000|100%| O|  |TAMS 0x0000000089900000, 0x0000000089a00000| Untracked 
| 154|0x0000000089a00000, 0x0000000089b00000, 0x0000000089b00000|100%| O|  |TAMS 0x0000000089a00000, 0x0000000089b00000| Untracked 
| 155|0x0000000089b00000, 0x0000000089c00000, 0x0000000089c00000|100%| O|  |TAMS 0x0000000089b00000, 0x0000000089c00000| Untracked 
| 156|0x0000000089c00000, 0x0000000089d00000, 0x0000000089d00000|100%| O|  |TAMS 0x0000000089c00000, 0x0000000089d00000| Untracked 
| 157|0x0000000089d00000, 0x0000000089e00000, 0x0000000089e00000|100%| O|  |TAMS 0x0000000089d00000, 0x0000000089e00000| Untracked 
| 158|0x0000000089e00000, 0x0000000089f00000, 0x0000000089f00000|100%| O|  |TAMS 0x0000000089e00000, 0x0000000089f00000| Untracked 
| 159|0x0000000089f00000, 0x000000008a000000, 0x000000008a000000|100%| O|  |TAMS 0x0000000089f00000, 0x000000008a000000| Untracked 
| 160|0x000000008a000000, 0x000000008a100000, 0x000000008a100000|100%| O|  |TAMS 0x000000008a000000, 0x000000008a100000| Untracked 
| 161|0x000000008a100000, 0x000000008a200000, 0x000000008a200000|100%| O|  |TAMS 0x000000008a100000, 0x000000008a200000| Untracked 
| 162|0x000000008a200000, 0x000000008a300000, 0x000000008a300000|100%| O|  |TAMS 0x000000008a200000, 0x000000008a300000| Untracked 
| 163|0x000000008a300000, 0x000000008a400000, 0x000000008a400000|100%| O|  |TAMS 0x000000008a300000, 0x000000008a400000| Untracked 
| 164|0x000000008a400000, 0x000000008a500000, 0x000000008a500000|100%| O|  |TAMS 0x000000008a400000, 0x000000008a500000| Untracked 
| 165|0x000000008a500000, 0x000000008a600000, 0x000000008a600000|100%| O|  |TAMS 0x000000008a500000, 0x000000008a600000| Untracked 
| 166|0x000000008a600000, 0x000000008a700000, 0x000000008a700000|100%| O|  |TAMS 0x000000008a600000, 0x000000008a700000| Untracked 
| 167|0x000000008a700000, 0x000000008a800000, 0x000000008a800000|100%| O|  |TAMS 0x000000008a700000, 0x000000008a800000| Untracked 
| 168|0x000000008a800000, 0x000000008a900000, 0x000000008a900000|100%| O|  |TAMS 0x000000008a800000, 0x000000008a900000| Untracked 
| 169|0x000000008a900000, 0x000000008aa00000, 0x000000008aa00000|100%| O|  |TAMS 0x000000008a900000, 0x000000008aa00000| Untracked 
| 170|0x000000008aa00000, 0x000000008ab00000, 0x000000008ab00000|100%| O|  |TAMS 0x000000008aa00000, 0x000000008ab00000| Untracked 
| 171|0x000000008ab00000, 0x000000008ac00000, 0x000000008ac00000|100%| O|  |TAMS 0x000000008ab00000, 0x000000008ac00000| Untracked 
| 172|0x000000008ac00000, 0x000000008ad00000, 0x000000008ad00000|100%| O|  |TAMS 0x000000008ac00000, 0x000000008ad00000| Untracked 
| 173|0x000000008ad00000, 0x000000008ae00000, 0x000000008ae00000|100%| O|  |TAMS 0x000000008ad00000, 0x000000008ae00000| Untracked 
| 174|0x000000008ae00000, 0x000000008af00000, 0x000000008af00000|100%| O|  |TAMS 0x000000008ae00000, 0x000000008af00000| Untracked 
| 175|0x000000008af00000, 0x000000008b000000, 0x000000008b000000|100%| O|  |TAMS 0x000000008af00000, 0x000000008b000000| Untracked 
| 176|0x000000008b000000, 0x000000008b100000, 0x000000008b100000|100%|HS|  |TAMS 0x000000008b000000, 0x000000008b100000| Complete 
| 177|0x000000008b100000, 0x000000008b200000, 0x000000008b200000|100%| O|  |TAMS 0x000000008b100000, 0x000000008b200000| Untracked 
| 178|0x000000008b200000, 0x000000008b300000, 0x000000008b300000|100%| O|  |TAMS 0x000000008b200000, 0x000000008b300000| Untracked 
| 179|0x000000008b300000, 0x000000008b400000, 0x000000008b400000|100%| O|  |TAMS 0x000000008b300000, 0x000000008b400000| Untracked 
| 180|0x000000008b400000, 0x000000008b500000, 0x000000008b500000|100%| O|  |TAMS 0x000000008b400000, 0x000000008b500000| Untracked 
| 181|0x000000008b500000, 0x000000008b600000, 0x000000008b600000|100%| O|  |TAMS 0x000000008b500000, 0x000000008b600000| Untracked 
| 182|0x000000008b600000, 0x000000008b700000, 0x000000008b700000|100%| O|  |TAMS 0x000000008b600000, 0x000000008b700000| Untracked 
| 183|0x000000008b700000, 0x000000008b800000, 0x000000008b800000|100%|HS|  |TAMS 0x000000008b700000, 0x000000008b800000| Complete 
| 184|0x000000008b800000, 0x000000008b900000, 0x000000008b900000|100%|HS|  |TAMS 0x000000008b800000, 0x000000008b900000| Complete 
| 185|0x000000008b900000, 0x000000008ba00000, 0x000000008ba00000|100%| O|  |TAMS 0x000000008b900000, 0x000000008ba00000| Untracked 
| 186|0x000000008ba00000, 0x000000008bb00000, 0x000000008bb00000|100%| O|  |TAMS 0x000000008ba00000, 0x000000008bb00000| Untracked 
| 187|0x000000008bb00000, 0x000000008bc00000, 0x000000008bc00000|100%| O|  |TAMS 0x000000008bb00000, 0x000000008bc00000| Untracked 
| 188|0x000000008bc00000, 0x000000008bd00000, 0x000000008bd00000|100%| O|  |TAMS 0x000000008bc00000, 0x000000008bd00000| Untracked 
| 189|0x000000008bd00000, 0x000000008be00000, 0x000000008be00000|100%| O|  |TAMS 0x000000008bd00000, 0x000000008be00000| Untracked 
| 190|0x000000008be00000, 0x000000008bf00000, 0x000000008bf00000|100%| O|  |TAMS 0x000000008be00000, 0x000000008bf00000| Untracked 
| 191|0x000000008bf00000, 0x000000008c000000, 0x000000008c000000|100%| O|  |TAMS 0x000000008bf00000, 0x000000008c000000| Untracked 
| 192|0x000000008c000000, 0x000000008c100000, 0x000000008c100000|100%| O|  |TAMS 0x000000008c000000, 0x000000008c100000| Untracked 
| 193|0x000000008c100000, 0x000000008c200000, 0x000000008c200000|100%| O|  |TAMS 0x000000008c100000, 0x000000008c200000| Untracked 
| 194|0x000000008c200000, 0x000000008c300000, 0x000000008c300000|100%| O|  |TAMS 0x000000008c200000, 0x000000008c300000| Untracked 
| 195|0x000000008c300000, 0x000000008c400000, 0x000000008c400000|100%| O|  |TAMS 0x000000008c300000, 0x000000008c400000| Untracked 
| 196|0x000000008c400000, 0x000000008c500000, 0x000000008c500000|100%| O|  |TAMS 0x000000008c400000, 0x000000008c500000| Untracked 
| 197|0x000000008c500000, 0x000000008c600000, 0x000000008c600000|100%| O|  |TAMS 0x000000008c500000, 0x000000008c600000| Untracked 
| 198|0x000000008c600000, 0x000000008c700000, 0x000000008c700000|100%| O|  |TAMS 0x000000008c600000, 0x000000008c700000| Untracked 
| 199|0x000000008c700000, 0x000000008c800000, 0x000000008c800000|100%| O|  |TAMS 0x000000008c700000, 0x000000008c800000| Untracked 
| 200|0x000000008c800000, 0x000000008c900000, 0x000000008c900000|100%| O|  |TAMS 0x000000008c800000, 0x000000008c900000| Untracked 
| 201|0x000000008c900000, 0x000000008ca00000, 0x000000008ca00000|100%| O|  |TAMS 0x000000008c900000, 0x000000008ca00000| Untracked 
| 202|0x000000008ca00000, 0x000000008cb00000, 0x000000008cb00000|100%| O|  |TAMS 0x000000008ca00000, 0x000000008cb00000| Untracked 
| 203|0x000000008cb00000, 0x000000008cc00000, 0x000000008cc00000|100%| O|  |TAMS 0x000000008cb00000, 0x000000008cc00000| Untracked 
| 204|0x000000008cc00000, 0x000000008cd00000, 0x000000008cd00000|100%| O|  |TAMS 0x000000008cc00000, 0x000000008cd00000| Untracked 
| 205|0x000000008cd00000, 0x000000008ce00000, 0x000000008ce00000|100%| O|  |TAMS 0x000000008cd00000, 0x000000008ce00000| Untracked 
| 206|0x000000008ce00000, 0x000000008cf00000, 0x000000008cf00000|100%| O|  |TAMS 0x000000008ce00000, 0x000000008cf00000| Untracked 
| 207|0x000000008cf00000, 0x000000008d000000, 0x000000008d000000|100%| O|  |TAMS 0x000000008cf00000, 0x000000008d000000| Untracked 
| 208|0x000000008d000000, 0x000000008d100000, 0x000000008d100000|100%| O|  |TAMS 0x000000008d000000, 0x000000008d100000| Untracked 
| 209|0x000000008d100000, 0x000000008d200000, 0x000000008d200000|100%| O|  |TAMS 0x000000008d100000, 0x000000008d200000| Untracked 
| 210|0x000000008d200000, 0x000000008d300000, 0x000000008d300000|100%| O|  |TAMS 0x000000008d200000, 0x000000008d300000| Untracked 
| 211|0x000000008d300000, 0x000000008d400000, 0x000000008d400000|100%| O|  |TAMS 0x000000008d300000, 0x000000008d400000| Untracked 
| 212|0x000000008d400000, 0x000000008d500000, 0x000000008d500000|100%| O|  |TAMS 0x000000008d400000, 0x000000008d500000| Untracked 
| 213|0x000000008d500000, 0x000000008d600000, 0x000000008d600000|100%| O|  |TAMS 0x000000008d500000, 0x000000008d600000| Untracked 
| 214|0x000000008d600000, 0x000000008d700000, 0x000000008d700000|100%| O|  |TAMS 0x000000008d600000, 0x000000008d700000| Untracked 
| 215|0x000000008d700000, 0x000000008d800000, 0x000000008d800000|100%| O|  |TAMS 0x000000008d700000, 0x000000008d800000| Untracked 
| 216|0x000000008d800000, 0x000000008d900000, 0x000000008d900000|100%| O|  |TAMS 0x000000008d800000, 0x000000008d900000| Untracked 
| 217|0x000000008d900000, 0x000000008da00000, 0x000000008da00000|100%| O|  |TAMS 0x000000008d900000, 0x000000008da00000| Untracked 
| 218|0x000000008da00000, 0x000000008db00000, 0x000000008db00000|100%| O|  |TAMS 0x000000008da00000, 0x000000008db00000| Untracked 
| 219|0x000000008db00000, 0x000000008dc00000, 0x000000008dc00000|100%| O|  |TAMS 0x000000008db00000, 0x000000008dc00000| Untracked 
| 220|0x000000008dc00000, 0x000000008dd00000, 0x000000008dd00000|100%| O|  |TAMS 0x000000008dc00000, 0x000000008dd00000| Untracked 
| 221|0x000000008dd00000, 0x000000008de00000, 0x000000008de00000|100%| O|  |TAMS 0x000000008dd00000, 0x000000008de00000| Untracked 
| 222|0x000000008de00000, 0x000000008df00000, 0x000000008df00000|100%| O|  |TAMS 0x000000008de00000, 0x000000008df00000| Untracked 
| 223|0x000000008df00000, 0x000000008e000000, 0x000000008e000000|100%| O|  |TAMS 0x000000008df00000, 0x000000008e000000| Untracked 
| 224|0x000000008e000000, 0x000000008e100000, 0x000000008e100000|100%| O|  |TAMS 0x000000008e000000, 0x000000008e100000| Untracked 
| 225|0x000000008e100000, 0x000000008e200000, 0x000000008e200000|100%| O|  |TAMS 0x000000008e100000, 0x000000008e200000| Untracked 
| 226|0x000000008e200000, 0x000000008e300000, 0x000000008e300000|100%| O|  |TAMS 0x000000008e200000, 0x000000008e300000| Untracked 
| 227|0x000000008e300000, 0x000000008e400000, 0x000000008e400000|100%| O|  |TAMS 0x000000008e300000, 0x000000008e400000| Untracked 
| 228|0x000000008e400000, 0x000000008e500000, 0x000000008e500000|100%| O|  |TAMS 0x000000008e400000, 0x000000008e500000| Untracked 
| 229|0x000000008e500000, 0x000000008e600000, 0x000000008e600000|100%| O|  |TAMS 0x000000008e500000, 0x000000008e600000| Untracked 
| 230|0x000000008e600000, 0x000000008e700000, 0x000000008e700000|100%| O|  |TAMS 0x000000008e600000, 0x000000008e700000| Untracked 
| 231|0x000000008e700000, 0x000000008e800000, 0x000000008e800000|100%| O|  |TAMS 0x000000008e700000, 0x000000008e800000| Untracked 
| 232|0x000000008e800000, 0x000000008e900000, 0x000000008e900000|100%| O|  |TAMS 0x000000008e800000, 0x000000008e900000| Untracked 
| 233|0x000000008e900000, 0x000000008ea00000, 0x000000008ea00000|100%| O|  |TAMS 0x000000008e900000, 0x000000008ea00000| Untracked 
| 234|0x000000008ea00000, 0x000000008eb00000, 0x000000008eb00000|100%| O|  |TAMS 0x000000008ea00000, 0x000000008eb00000| Untracked 
| 235|0x000000008eb00000, 0x000000008ec00000, 0x000000008ec00000|100%| O|  |TAMS 0x000000008eb00000, 0x000000008ec00000| Untracked 
| 236|0x000000008ec00000, 0x000000008ed00000, 0x000000008ed00000|100%| O|  |TAMS 0x000000008ec00000, 0x000000008ed00000| Untracked 
| 237|0x000000008ed00000, 0x000000008ee00000, 0x000000008ee00000|100%| O|  |TAMS 0x000000008ed00000, 0x000000008ee00000| Untracked 
| 238|0x000000008ee00000, 0x000000008ef00000, 0x000000008ef00000|100%| O|  |TAMS 0x000000008ee00000, 0x000000008ef00000| Untracked 
| 239|0x000000008ef00000, 0x000000008f000000, 0x000000008f000000|100%| O|  |TAMS 0x000000008ef00000, 0x000000008f000000| Untracked 
| 240|0x000000008f000000, 0x000000008f100000, 0x000000008f100000|100%| O|  |TAMS 0x000000008f000000, 0x000000008f100000| Untracked 
| 241|0x000000008f100000, 0x000000008f200000, 0x000000008f200000|100%| O|  |TAMS 0x000000008f100000, 0x000000008f200000| Untracked 
| 242|0x000000008f200000, 0x000000008f300000, 0x000000008f300000|100%| O|  |TAMS 0x000000008f200000, 0x000000008f300000| Untracked 
| 243|0x000000008f300000, 0x000000008f400000, 0x000000008f400000|100%| O|  |TAMS 0x000000008f300000, 0x000000008f400000| Untracked 
| 244|0x000000008f400000, 0x000000008f500000, 0x000000008f500000|100%| O|  |TAMS 0x000000008f400000, 0x000000008f500000| Untracked 
| 245|0x000000008f500000, 0x000000008f600000, 0x000000008f600000|100%| O|  |TAMS 0x000000008f500000, 0x000000008f600000| Untracked 
| 246|0x000000008f600000, 0x000000008f700000, 0x000000008f700000|100%| O|  |TAMS 0x000000008f600000, 0x000000008f700000| Untracked 
| 247|0x000000008f700000, 0x000000008f800000, 0x000000008f800000|100%| O|  |TAMS 0x000000008f700000, 0x000000008f800000| Untracked 
| 248|0x000000008f800000, 0x000000008f900000, 0x000000008f900000|100%| O|  |TAMS 0x000000008f800000, 0x000000008f900000| Untracked 
| 249|0x000000008f900000, 0x000000008fa00000, 0x000000008fa00000|100%| O|  |TAMS 0x000000008f900000, 0x000000008fa00000| Untracked 
| 250|0x000000008fa00000, 0x000000008fb00000, 0x000000008fb00000|100%| O|  |TAMS 0x000000008fa00000, 0x000000008fb00000| Untracked 
| 251|0x000000008fb00000, 0x000000008fb00000, 0x000000008fc00000|  0%| F|  |TAMS 0x000000008fb00000, 0x000000008fb00000| Untracked 
| 252|0x000000008fc00000, 0x000000008fc00000, 0x000000008fd00000|  0%| F|  |TAMS 0x000000008fc00000, 0x000000008fc00000| Untracked 
| 253|0x000000008fd00000, 0x000000008fdcf800, 0x000000008fe00000| 81%| O|  |TAMS 0x000000008fd00000, 0x000000008fdcf800| Untracked 
| 254|0x000000008fe00000, 0x000000008ff00000, 0x000000008ff00000|100%| O|  |TAMS 0x000000008fe00000, 0x000000008ff00000| Untracked 
| 255|0x000000008ff00000, 0x0000000090000000, 0x0000000090000000|100%| O|  |TAMS 0x000000008ff00000, 0x0000000090000000| Untracked 
| 256|0x0000000090000000, 0x0000000090100000, 0x0000000090100000|100%| O|  |TAMS 0x0000000090000000, 0x0000000090100000| Untracked 
| 257|0x0000000090100000, 0x0000000090100000, 0x0000000090200000|  0%| F|  |TAMS 0x0000000090100000, 0x0000000090100000| Untracked 
| 258|0x0000000090200000, 0x0000000090200000, 0x0000000090300000|  0%| F|  |TAMS 0x0000000090200000, 0x0000000090200000| Untracked 
| 259|0x0000000090300000, 0x0000000090300000, 0x0000000090400000|  0%| F|  |TAMS 0x0000000090300000, 0x0000000090300000| Untracked 
| 260|0x0000000090400000, 0x0000000090400000, 0x0000000090500000|  0%| F|  |TAMS 0x0000000090400000, 0x0000000090400000| Untracked 
| 261|0x0000000090500000, 0x0000000090500000, 0x0000000090600000|  0%| F|  |TAMS 0x0000000090500000, 0x0000000090500000| Untracked 
| 262|0x0000000090600000, 0x0000000090600000, 0x0000000090700000|  0%| F|  |TAMS 0x0000000090600000, 0x0000000090600000| Untracked 
| 263|0x0000000090700000, 0x0000000090700000, 0x0000000090800000|  0%| F|  |TAMS 0x0000000090700000, 0x0000000090700000| Untracked 
| 264|0x0000000090800000, 0x0000000090800000, 0x0000000090900000|  0%| F|  |TAMS 0x0000000090800000, 0x0000000090800000| Untracked 
| 265|0x0000000090900000, 0x0000000090900000, 0x0000000090a00000|  0%| F|  |TAMS 0x0000000090900000, 0x0000000090900000| Untracked 
| 266|0x0000000090a00000, 0x0000000090a00000, 0x0000000090b00000|  0%| F|  |TAMS 0x0000000090a00000, 0x0000000090a00000| Untracked 
| 267|0x0000000090b00000, 0x0000000090b00000, 0x0000000090c00000|  0%| F|  |TAMS 0x0000000090b00000, 0x0000000090b00000| Untracked 
| 268|0x0000000090c00000, 0x0000000090c00000, 0x0000000090d00000|  0%| F|  |TAMS 0x0000000090c00000, 0x0000000090c00000| Untracked 
| 269|0x0000000090d00000, 0x0000000090d00000, 0x0000000090e00000|  0%| F|  |TAMS 0x0000000090d00000, 0x0000000090d00000| Untracked 
| 270|0x0000000090e00000, 0x0000000090e00000, 0x0000000090f00000|  0%| F|  |TAMS 0x0000000090e00000, 0x0000000090e00000| Untracked 
| 271|0x0000000090f00000, 0x0000000090f00000, 0x0000000091000000|  0%| F|  |TAMS 0x0000000090f00000, 0x0000000090f00000| Untracked 
| 272|0x0000000091000000, 0x0000000091000000, 0x0000000091100000|  0%| F|  |TAMS 0x0000000091000000, 0x0000000091000000| Untracked 
| 273|0x0000000091100000, 0x0000000091100000, 0x0000000091200000|  0%| F|  |TAMS 0x0000000091100000, 0x0000000091100000| Untracked 
| 274|0x0000000091200000, 0x0000000091200000, 0x0000000091300000|  0%| F|  |TAMS 0x0000000091200000, 0x0000000091200000| Untracked 
| 275|0x0000000091300000, 0x0000000091300000, 0x0000000091400000|  0%| F|  |TAMS 0x0000000091300000, 0x0000000091300000| Untracked 
| 276|0x0000000091400000, 0x0000000091400000, 0x0000000091500000|  0%| F|  |TAMS 0x0000000091400000, 0x0000000091400000| Untracked 
| 277|0x0000000091500000, 0x0000000091500000, 0x0000000091600000|  0%| F|  |TAMS 0x0000000091500000, 0x0000000091500000| Untracked 
| 278|0x0000000091600000, 0x0000000091600000, 0x0000000091700000|  0%| F|  |TAMS 0x0000000091600000, 0x0000000091600000| Untracked 
| 279|0x0000000091700000, 0x0000000091700000, 0x0000000091800000|  0%| F|  |TAMS 0x0000000091700000, 0x0000000091700000| Untracked 
| 280|0x0000000091800000, 0x0000000091800000, 0x0000000091900000|  0%| F|  |TAMS 0x0000000091800000, 0x0000000091800000| Untracked 
| 281|0x0000000091900000, 0x0000000091900000, 0x0000000091a00000|  0%| F|  |TAMS 0x0000000091900000, 0x0000000091900000| Untracked 
| 282|0x0000000091a00000, 0x0000000091a00000, 0x0000000091b00000|  0%| F|  |TAMS 0x0000000091a00000, 0x0000000091a00000| Untracked 
| 283|0x0000000091b00000, 0x0000000091b00000, 0x0000000091c00000|  0%| F|  |TAMS 0x0000000091b00000, 0x0000000091b00000| Untracked 
| 284|0x0000000091c00000, 0x0000000091c00000, 0x0000000091d00000|  0%| F|  |TAMS 0x0000000091c00000, 0x0000000091c00000| Untracked 
| 285|0x0000000091d00000, 0x0000000091e00000, 0x0000000091e00000|100%| S|CS|TAMS 0x0000000091d00000, 0x0000000091d00000| Complete 
| 286|0x0000000091e00000, 0x0000000091f00000, 0x0000000091f00000|100%| S|CS|TAMS 0x0000000091e00000, 0x0000000091e00000| Complete 
| 287|0x0000000091f00000, 0x0000000091f00000, 0x0000000092000000|  0%| F|  |TAMS 0x0000000091f00000, 0x0000000091f00000| Untracked 
| 288|0x0000000092000000, 0x0000000092000000, 0x0000000092100000|  0%| F|  |TAMS 0x0000000092000000, 0x0000000092000000| Untracked 
| 289|0x0000000092100000, 0x0000000092100000, 0x0000000092200000|  0%| F|  |TAMS 0x0000000092100000, 0x0000000092100000| Untracked 
| 290|0x0000000092200000, 0x0000000092200000, 0x0000000092300000|  0%| F|  |TAMS 0x0000000092200000, 0x0000000092200000| Untracked 
| 291|0x0000000092300000, 0x0000000092300000, 0x0000000092400000|  0%| F|  |TAMS 0x0000000092300000, 0x0000000092300000| Untracked 
| 292|0x0000000092400000, 0x0000000092400000, 0x0000000092500000|  0%| F|  |TAMS 0x0000000092400000, 0x0000000092400000| Untracked 
| 293|0x0000000092500000, 0x0000000092500000, 0x0000000092600000|  0%| F|  |TAMS 0x0000000092500000, 0x0000000092500000| Untracked 
| 294|0x0000000092600000, 0x0000000092600000, 0x0000000092700000|  0%| F|  |TAMS 0x0000000092600000, 0x0000000092600000| Untracked 
| 295|0x0000000092700000, 0x0000000092700000, 0x0000000092800000|  0%| F|  |TAMS 0x0000000092700000, 0x0000000092700000| Untracked 
| 296|0x0000000092800000, 0x0000000092800000, 0x0000000092900000|  0%| F|  |TAMS 0x0000000092800000, 0x0000000092800000| Untracked 
| 297|0x0000000092900000, 0x0000000092900000, 0x0000000092a00000|  0%| F|  |TAMS 0x0000000092900000, 0x0000000092900000| Untracked 
| 298|0x0000000092a00000, 0x0000000092a00000, 0x0000000092b00000|  0%| F|  |TAMS 0x0000000092a00000, 0x0000000092a00000| Untracked 
| 299|0x0000000092b00000, 0x0000000092b00000, 0x0000000092c00000|  0%| F|  |TAMS 0x0000000092b00000, 0x0000000092b00000| Untracked 
| 300|0x0000000092c00000, 0x0000000092c00000, 0x0000000092d00000|  0%| F|  |TAMS 0x0000000092c00000, 0x0000000092c00000| Untracked 
| 301|0x0000000092d00000, 0x0000000092d00000, 0x0000000092e00000|  0%| F|  |TAMS 0x0000000092d00000, 0x0000000092d00000| Untracked 

Card table byte_map: [0x000001e4fdf60000,0x000001e4fe360000] _byte_map_base: 0x000001e4fdb60000

Marking Bits (Prev, Next): (CMBitMap*) 0x000001e4e7314620, (CMBitMap*) 0x000001e4e73145e0
 Prev Bits: [0x000001e482000000, 0x000001e484000000)
 Next Bits: [0x000001e480000000, 0x000001e482000000)

Polling page: 0x000001e4e5270000

Metaspace:

Usage:
  Non-class:     89.39 MB used.
      Class:     14.52 MB used.
       Both:    103.91 MB used.

Virtual space:
  Non-class space:      128.00 MB reserved,      90.25 MB ( 71%) committed,  2 nodes.
      Class space:      416.00 MB reserved,      15.25 MB (  4%) committed,  1 nodes.
             Both:      544.00 MB reserved,     105.50 MB ( 19%) committed. 

Chunk freelists:
   Non-Class:  5.80 MB
       Class:  750.00 KB
        Both:  6.53 MB

MaxMetaspaceSize: 512.00 MB
CompressedClassSpaceSize: 416.00 MB
Initial GC threshold: 21.00 MB
Current GC threshold: 113.75 MB
CDS: on
MetaspaceReclaimPolicy: balanced
 - commit_granule_bytes: 65536.
 - commit_granule_words: 8192.
 - virtual_space_node_default_size: 8388608.
 - enlarge_chunks_in_place: 1.
 - new_chunks_are_fully_committed: 0.
 - uncommit_free_chunks: 1.
 - use_allocation_guard: 0.
 - handle_deallocations: 1.


Internal statistics:

num_allocs_failed_limit: 6.
num_arena_births: 1978.
num_arena_deaths: 0.
num_vsnodes_births: 3.
num_vsnodes_deaths: 0.
num_space_committed: 1688.
num_space_uncommitted: 0.
num_chunks_returned_to_freelist: 6.
num_chunks_taken_from_freelist: 6951.
num_chunk_merges: 6.
num_chunk_splits: 4347.
num_chunks_enlarged: 2534.
num_inconsistent_stats: 0.

CodeHeap 'non-profiled nmethods': size=120000Kb used=11405Kb max_used=11668Kb free=108594Kb
 bounds [0x000001e4f6630000, 0x000001e4f71a0000, 0x000001e4fdb60000]
CodeHeap 'profiled nmethods': size=120000Kb used=28878Kb max_used=30423Kb free=91121Kb
 bounds [0x000001e4eeb60000, 0x000001e4f0920000, 0x000001e4f6090000]
CodeHeap 'non-nmethods': size=5760Kb used=2416Kb max_used=2543Kb free=3344Kb
 bounds [0x000001e4f6090000, 0x000001e4f6320000, 0x000001e4f6630000]
 total_blobs=15703 nmethods=14751 adapters=864
 compilation: enabled
              stopped_count=0, restarted_count=0
 full_count=0

Compilation events (20 events):
Event: 126.518 Thread 0x000001e4fec0ad20 17843       3       org.gradle.api.internal.artifacts.transform.DefaultTransformInvocationFactory$$Lambda$2168/0x000001e487f1f7e8::apply (12 bytes)
Event: 126.518 Thread 0x000001e4fec0ad20 nmethod 17843 0x000001e4ef5a2310 code [0x000001e4ef5a24c0, 0x000001e4ef5a2808]
Event: 126.519 Thread 0x000001e4fec0ad20 17844       3       org.gradle.api.internal.artifacts.transform.DefaultTransformInvocationFactory$$Lambda$2130/0x000001e487f12b30::apply (16 bytes)
Event: 126.520 Thread 0x000001e4fec0ad20 nmethod 17844 0x000001e4ef6f7a90 code [0x000001e4ef6f7d20, 0x000001e4ef6f8b78]
Event: 126.520 Thread 0x000001e4fec0a270 nmethod 17815 0x000001e4f6a87090 code [0x000001e4f6a87340, 0x000001e4f6a88500]
Event: 126.520 Thread 0x000001e4fec0a270 17834       4       org.gradle.api.internal.artifacts.transform.AbstractTransformedArtifactSet::visit (104 bytes)
Event: 126.520 Thread 0x000001e4fec0ad20 17845       3       org.gradle.api.internal.artifacts.transform.TransformStep::lambda$createInvocation$2 (93 bytes)
Event: 126.522 Thread 0x000001e4fec0ad20 nmethod 17845 0x000001e4ef120290 code [0x000001e4ef1205c0, 0x000001e4ef121bf8]
Event: 126.523 Thread 0x000001e4fec0ad20 17846       3       org.gradle.api.internal.artifacts.DependencyManagementGradleUserHomeScopeServices$$Lambda$335/0x000001e4873568e8::test (8 bytes)
Event: 126.523 Thread 0x000001e4fec0ad20 nmethod 17846 0x000001e4ef833f90 code [0x000001e4ef834140, 0x000001e4ef834408]
Event: 126.652 Thread 0x000001e4fec0ad20 17848       3       org.gradle.internal.snapshot.impl.StringValueSnapshot::appendToHasher (14 bytes)
Event: 126.653 Thread 0x000001e4fec0ad20 nmethod 17848 0x000001e4eedb3010 code [0x000001e4eedb32a0, 0x000001e4eedb4088]
Event: 126.844 Thread 0x000001e4fec0ad20 17849       3       org.gradle.internal.classloader.ClassLoaderVisitor::visit (80 bytes)
Event: 126.846 Thread 0x000001e4fec0ad20 nmethod 17849 0x000001e4ef81c810 code [0x000001e4ef81cbc0, 0x000001e4ef81eab8]
Event: 126.850 Thread 0x000001e4a83beb10 nmethod 17803 0x000001e4f70aff10 code [0x000001e4f70b0440, 0x000001e4f70b6160]
Event: 126.851 Thread 0x000001e4a83beb10 17816       4       org.gradle.api.internal.artifacts.transform.TransformingAsyncArtifactListener$TransformedArtifact::prepareForVisitingIfNotAlready (40 bytes)
Event: 126.860 Thread 0x000001e4fec0ad20 17852       3       org.gradle.api.internal.artifacts.transform.ImmutableTransformWorkspaceIdentity::getUniqueId (54 bytes)
Event: 126.861 Thread 0x000001e4fec0ad20 nmethod 17852 0x000001e4ef62ec10 code [0x000001e4ef62ef80, 0x000001e4ef6307a8]
Event: 126.868 Thread 0x000001e4fec0ad20 17853       3       com.google.common.collect.Iterators::elementsEqual (62 bytes)
Event: 126.868 Thread 0x000001e4fec0ad20 nmethod 17853 0x000001e4ef67ab10 code [0x000001e4ef67ad40, 0x000001e4ef67b5d8]

GC Heap History (20 events):
Event: 122.892 GC heap after
{Heap after GC invocations=71 (full 0):
 garbage-first heap   total 309248K, used 249446K [0x0000000080000000, 0x0000000100000000)
  region size 1024K, 3 young (3072K), 3 survivors (3072K)
 Metaspace       used 106142K, committed 107648K, reserved 557056K
  class space    used 14847K, committed 15552K, reserved 425984K
}
Event: 123.570 GC heap before
{Heap before GC invocations=71 (full 0):
 garbage-first heap   total 309248K, used 268902K [0x0000000080000000, 0x0000000100000000)
  region size 1024K, 22 young (22528K), 3 survivors (3072K)
 Metaspace       used 106149K, committed 107712K, reserved 557056K
  class space    used 14847K, committed 15552K, reserved 425984K
}
Event: 123.574 GC heap after
{Heap after GC invocations=72 (full 0):
 garbage-first heap   total 309248K, used 250711K [0x0000000080000000, 0x0000000100000000)
  region size 1024K, 3 young (3072K), 3 survivors (3072K)
 Metaspace       used 106149K, committed 107712K, reserved 557056K
  class space    used 14847K, committed 15552K, reserved 425984K
}
Event: 123.954 GC heap before
{Heap before GC invocations=72 (full 0):
 garbage-first heap   total 309248K, used 273239K [0x0000000080000000, 0x0000000100000000)
  region size 1024K, 22 young (22528K), 3 survivors (3072K)
 Metaspace       used 106151K, committed 107712K, reserved 557056K
  class space    used 14847K, committed 15552K, reserved 425984K
}
Event: 123.963 GC heap after
{Heap after GC invocations=73 (full 0):
 garbage-first heap   total 309248K, used 253309K [0x0000000080000000, 0x0000000100000000)
  region size 1024K, 3 young (3072K), 3 survivors (3072K)
 Metaspace       used 106151K, committed 107712K, reserved 557056K
  class space    used 14847K, committed 15552K, reserved 425984K
}
Event: 124.417 GC heap before
{Heap before GC invocations=73 (full 0):
 garbage-first heap   total 309248K, used 269693K [0x0000000080000000, 0x0000000100000000)
  region size 1024K, 19 young (19456K), 3 survivors (3072K)
 Metaspace       used 106207K, committed 107712K, reserved 557056K
  class space    used 14847K, committed 15552K, reserved 425984K
}
Event: 124.423 GC heap after
{Heap after GC invocations=74 (full 0):
 garbage-first heap   total 309248K, used 255049K [0x0000000080000000, 0x0000000100000000)
  region size 1024K, 2 young (2048K), 2 survivors (2048K)
 Metaspace       used 106207K, committed 107712K, reserved 557056K
  class space    used 14847K, committed 15552K, reserved 425984K
}
Event: 124.819 GC heap before
{Heap before GC invocations=74 (full 0):
 garbage-first heap   total 309248K, used 269385K [0x0000000080000000, 0x0000000100000000)
  region size 1024K, 17 young (17408K), 2 survivors (2048K)
 Metaspace       used 106211K, committed 107712K, reserved 557056K
  class space    used 14847K, committed 15552K, reserved 425984K
}
Event: 124.824 GC heap after
{Heap after GC invocations=75 (full 0):
 garbage-first heap   total 309248K, used 256525K [0x0000000080000000, 0x0000000100000000)
  region size 1024K, 2 young (2048K), 2 survivors (2048K)
 Metaspace       used 106211K, committed 107712K, reserved 557056K
  class space    used 14847K, committed 15552K, reserved 425984K
}
Event: 125.175 GC heap before
{Heap before GC invocations=75 (full 0):
 garbage-first heap   total 309248K, used 271885K [0x0000000080000000, 0x0000000100000000)
  region size 1024K, 17 young (17408K), 2 survivors (2048K)
 Metaspace       used 106290K, committed 107840K, reserved 557056K
  class space    used 14850K, committed 15552K, reserved 425984K
}
Event: 125.185 GC heap after
{Heap after GC invocations=76 (full 0):
 garbage-first heap   total 309248K, used 258305K [0x0000000080000000, 0x0000000100000000)
  region size 1024K, 3 young (3072K), 3 survivors (3072K)
 Metaspace       used 106290K, committed 107840K, reserved 557056K
  class space    used 14850K, committed 15552K, reserved 425984K
}
Event: 125.499 GC heap before
{Heap before GC invocations=76 (full 0):
 garbage-first heap   total 309248K, used 274689K [0x0000000080000000, 0x0000000100000000)
  region size 1024K, 16 young (16384K), 3 survivors (3072K)
 Metaspace       used 106309K, committed 107840K, reserved 557056K
  class space    used 14851K, committed 15552K, reserved 425984K
}
Event: 125.507 GC heap after
{Heap after GC invocations=77 (full 0):
 garbage-first heap   total 309248K, used 260027K [0x0000000080000000, 0x0000000100000000)
  region size 1024K, 2 young (2048K), 2 survivors (2048K)
 Metaspace       used 106309K, committed 107840K, reserved 557056K
  class space    used 14851K, committed 15552K, reserved 425984K
}
Event: 125.828 GC heap before
{Heap before GC invocations=77 (full 0):
 garbage-first heap   total 309248K, used 272315K [0x0000000080000000, 0x0000000100000000)
  region size 1024K, 15 young (15360K), 2 survivors (2048K)
 Metaspace       used 106315K, committed 107840K, reserved 557056K
  class space    used 14851K, committed 15552K, reserved 425984K
}
Event: 125.836 GC heap after
{Heap after GC invocations=78 (full 0):
 garbage-first heap   total 309248K, used 261627K [0x0000000080000000, 0x0000000100000000)
  region size 1024K, 2 young (2048K), 2 survivors (2048K)
 Metaspace       used 106315K, committed 107840K, reserved 557056K
  class space    used 14851K, committed 15552K, reserved 425984K
}
Event: 126.477 GC heap before
{Heap before GC invocations=78 (full 0):
 garbage-first heap   total 309248K, used 275963K [0x0000000080000000, 0x0000000100000000)
  region size 1024K, 15 young (15360K), 2 survivors (2048K)
 Metaspace       used 106403K, committed 107968K, reserved 557056K
  class space    used 14867K, committed 15616K, reserved 425984K
}
Event: 126.481 GC heap after
{Heap after GC invocations=79 (full 0):
 garbage-first heap   total 309248K, used 264052K [0x0000000080000000, 0x0000000100000000)
  region size 1024K, 2 young (2048K), 2 survivors (2048K)
 Metaspace       used 106403K, committed 107968K, reserved 557056K
  class space    used 14867K, committed 15616K, reserved 425984K
}
Event: 126.482 GC heap before
{Heap before GC invocations=79 (full 0):
 garbage-first heap   total 309248K, used 264052K [0x0000000080000000, 0x0000000100000000)
  region size 1024K, 3 young (3072K), 2 survivors (2048K)
 Metaspace       used 106403K, committed 107968K, reserved 557056K
  class space    used 14867K, committed 15616K, reserved 425984K
}
Event: 126.486 GC heap after
{Heap after GC invocations=80 (full 0):
 garbage-first heap   total 309248K, used 263989K [0x0000000080000000, 0x0000000100000000)
  region size 1024K, 1 young (1024K), 1 survivors (1024K)
 Metaspace       used 106403K, committed 107968K, reserved 557056K
  class space    used 14867K, committed 15616K, reserved 425984K
}
Event: 126.896 GC heap before
{Heap before GC invocations=80 (full 0):
 garbage-first heap   total 309248K, used 279349K [0x0000000080000000, 0x0000000100000000)
  region size 1024K, 15 young (15360K), 1 survivors (1024K)
 Metaspace       used 106404K, committed 108032K, reserved 557056K
  class space    used 14867K, committed 15616K, reserved 425984K
}

Deoptimization events (20 events):
Event: 126.096 Thread 0x000001e4a7a7cd40 Uncommon trap: trap_request=0xffffffde fr.pc=0x000001e4f6c45d90 relative=0x0000000000002ad0
Event: 126.096 Thread 0x000001e4a7a7cd40 Uncommon trap: reason=class_check action=maybe_recompile pc=0x000001e4f6c45d90 method=org.gradle.internal.snapshot.AbstractIncompleteFileSystemNode$2.handleAsDescendantOfChild(Lorg/gradle/internal/snapshot/VfsRelativePath;Ljava/lang/Object;)Ljava/lang/Obj
Event: 126.096 Thread 0x000001e4a7a7cd40 DEOPT PACKING pc=0x000001e4f6c45d90 sp=0x000000d61dafa670
Event: 126.096 Thread 0x000001e4a7a7cd40 DEOPT UNPACKING pc=0x000001e4f60e23a3 sp=0x000000d61dafa4c8 mode 2
Event: 126.112 Thread 0x000001e4a7a7cd40 Uncommon trap: trap_request=0xffffffde fr.pc=0x000001e4f6c45d90 relative=0x0000000000002ad0
Event: 126.112 Thread 0x000001e4a7a7cd40 Uncommon trap: reason=class_check action=maybe_recompile pc=0x000001e4f6c45d90 method=org.gradle.internal.snapshot.AbstractIncompleteFileSystemNode$2.handleAsDescendantOfChild(Lorg/gradle/internal/snapshot/VfsRelativePath;Ljava/lang/Object;)Ljava/lang/Obj
Event: 126.112 Thread 0x000001e4a7a7cd40 DEOPT PACKING pc=0x000001e4f6c45d90 sp=0x000000d61dafa770
Event: 126.112 Thread 0x000001e4a7a7cd40 DEOPT UNPACKING pc=0x000001e4f60e23a3 sp=0x000000d61dafa5c8 mode 2
Event: 126.128 Thread 0x000001e4a7a7cd40 Uncommon trap: trap_request=0xffffffde fr.pc=0x000001e4f69617ec relative=0x00000000000014ac
Event: 126.128 Thread 0x000001e4a7a7cd40 Uncommon trap: reason=class_check action=maybe_recompile pc=0x000001e4f69617ec method=org.gradle.internal.snapshot.AbstractIncompleteFileSystemNode$2.handleAsDescendantOfChild(Lorg/gradle/internal/snapshot/VfsRelativePath;Ljava/lang/Object;)Ljava/lang/Obj
Event: 126.128 Thread 0x000001e4a7a7cd40 DEOPT PACKING pc=0x000001e4f69617ec sp=0x000000d61dafa450
Event: 126.128 Thread 0x000001e4a7a7cd40 DEOPT UNPACKING pc=0x000001e4f60e23a3 sp=0x000000d61dafa330 mode 2
Event: 126.173 Thread 0x000001e4a7a7cd40 Uncommon trap: trap_request=0xffffffde fr.pc=0x000001e4f6dfdb6c relative=0x00000000000014ac
Event: 126.173 Thread 0x000001e4a7a7cd40 Uncommon trap: reason=class_check action=maybe_recompile pc=0x000001e4f6dfdb6c method=org.gradle.internal.snapshot.AbstractIncompleteFileSystemNode$2.handleAsDescendantOfChild(Lorg/gradle/internal/snapshot/VfsRelativePath;Ljava/lang/Object;)Ljava/lang/Obj
Event: 126.173 Thread 0x000001e4a7a7cd40 DEOPT PACKING pc=0x000001e4f6dfdb6c sp=0x000000d61dafa250
Event: 126.173 Thread 0x000001e4a7a7cd40 DEOPT UNPACKING pc=0x000001e4f60e23a3 sp=0x000000d61dafa1a8 mode 2
Event: 126.465 Thread 0x000001e4a7a7a9d0 Uncommon trap: trap_request=0xffffffc6 fr.pc=0x000001e4f6bf2a38 relative=0x00000000000031d8
Event: 126.465 Thread 0x000001e4a7a7a9d0 Uncommon trap: reason=bimorphic_or_optimized_type_check action=maybe_recompile pc=0x000001e4f6bf2a38 method=org.gradle.internal.snapshot.impl.AbstractValueProcessor.processValue(Ljava/lang/Object;Lorg/gradle/internal/snapshot/impl/AbstractValueProcessor$V
Event: 126.465 Thread 0x000001e4a7a7a9d0 DEOPT PACKING pc=0x000001e4f6bf2a38 sp=0x000000d61ddfcdc0
Event: 126.465 Thread 0x000001e4a7a7a9d0 DEOPT UNPACKING pc=0x000001e4f60e23a3 sp=0x000000d61ddfcdb0 mode 2

Classes unloaded (0 events):
No events

Classes redefined (0 events):
No events

Internal exceptions (20 events):
Event: 121.571 Thread 0x000001e4a7a7a9d0 Exception <a 'java/lang/ClassNotFoundException'{0x0000000091863a10}: java/io/BufferedWriterBeanInfo> (0x0000000091863a10) 
thrown [s\open\src\hotspot\share\classfile\systemDictionary.cpp, line 256]
Event: 121.571 Thread 0x000001e4a7a7a9d0 Exception <a 'java/lang/ClassNotFoundException'{0x0000000091869090}: java/io/WriterBeanInfo> (0x0000000091869090) 
thrown [s\open\src\hotspot\share\classfile\systemDictionary.cpp, line 256]
Event: 121.571 Thread 0x000001e4a7a7a9d0 Exception <a 'java/lang/ClassNotFoundException'{0x000000009186e440}: java/io/WriterCustomizer> (0x000000009186e440) 
thrown [s\open\src\hotspot\share\classfile\systemDictionary.cpp, line 256]
Event: 121.572 Thread 0x000001e4a7a7a9d0 Exception <a 'java/lang/ClassNotFoundException'{0x000000009187c9b0}: java/io/BufferedWriterCustomizer> (0x000000009187c9b0) 
thrown [s\open\src\hotspot\share\classfile\systemDictionary.cpp, line 256]
Event: 121.695 Thread 0x000001e4a7a7a9d0 Exception <a 'java/lang/NoSuchMethodError'{0x0000000091730138}: static Lcom/android/build/api/variant/BuildConfigField;.<clinit>()V> (0x0000000091730138) 
thrown [s\open\src\hotspot\share\prims\jni.cpp, line 1107]
Event: 124.988 Thread 0x000001e4a7a7cd40 Exception <a 'java/lang/NoSuchMethodError'{0x00000000922bad38}: static Lcom/android/build/api/variant/impl/ResValueKeyImpl;.<clinit>()V> (0x00000000922bad38) 
thrown [s\open\src\hotspot\share\prims\jni.cpp, line 1107]
Event: 124.995 Thread 0x000001e4a7a7cd40 Exception <a 'java/lang/NoSuchMethodError'{0x00000000922cc3e0}: static Lcom/android/build/api/variant/ResValue;.<clinit>()V> (0x00000000922cc3e0) 
thrown [s\open\src\hotspot\share\prims\jni.cpp, line 1107]
Event: 125.051 Thread 0x000001e4a7a7cd40 Exception <a 'sun/nio/fs/WindowsException'{0x0000000092190bb0}> (0x0000000092190bb0) 
thrown [s\open\src\hotspot\share\prims\jni.cpp, line 516]
Event: 125.130 Thread 0x000001e4a7a78150 Exception <a 'sun/nio/fs/WindowsException'{0x0000000092098218}> (0x0000000092098218) 
thrown [s\open\src\hotspot\share\prims\jni.cpp, line 516]
Event: 125.147 Thread 0x000001e4a7a78150 Exception <a 'sun/nio/fs/WindowsException'{0x0000000091f10d20}> (0x0000000091f10d20) 
thrown [s\open\src\hotspot\share\prims\jni.cpp, line 516]
Event: 125.164 Thread 0x000001e4a7a78150 Exception <a 'sun/nio/fs/WindowsException'{0x0000000091f990b8}> (0x0000000091f990b8) 
thrown [s\open\src\hotspot\share\prims\jni.cpp, line 516]
Event: 125.187 Thread 0x000001e4a7a78150 Exception <a 'sun/nio/fs/WindowsException'{0x0000000092d1daa8}> (0x0000000092d1daa8) 
thrown [s\open\src\hotspot\share\prims\jni.cpp, line 516]
Event: 125.197 Thread 0x000001e4a7a78150 Exception <a 'sun/nio/fs/WindowsException'{0x0000000092daec18}> (0x0000000092daec18) 
thrown [s\open\src\hotspot\share\prims\jni.cpp, line 516]
Event: 125.217 Thread 0x000001e4a7a78150 Exception <a 'sun/nio/fs/WindowsException'{0x0000000092c200e0}> (0x0000000092c200e0) 
thrown [s\open\src\hotspot\share\prims\jni.cpp, line 516]
Event: 125.248 Thread 0x000001e4a7a78150 Exception <a 'sun/nio/fs/WindowsException'{0x0000000092ca1c30}> (0x0000000092ca1c30) 
thrown [s\open\src\hotspot\share\prims\jni.cpp, line 516]
Event: 125.270 Thread 0x000001e4a7a78150 Exception <a 'sun/nio/fs/WindowsException'{0x0000000092b0f600}> (0x0000000092b0f600) 
thrown [s\open\src\hotspot\share\prims\jni.cpp, line 516]
Event: 125.281 Thread 0x000001e4a7a78150 Exception <a 'sun/nio/fs/WindowsException'{0x0000000092b76e18}> (0x0000000092b76e18) 
thrown [s\open\src\hotspot\share\prims\jni.cpp, line 516]
Event: 125.328 Thread 0x000001e4a7a7a9d0 Exception <a 'sun/nio/fs/WindowsException'{0x0000000092be2420}> (0x0000000092be2420) 
thrown [s\open\src\hotspot\share\prims\jni.cpp, line 516]
Event: 125.341 Thread 0x000001e4a7a7a9d0 Exception <a 'sun/nio/fs/WindowsException'{0x0000000092a4e390}> (0x0000000092a4e390) 
thrown [s\open\src\hotspot\share\prims\jni.cpp, line 516]
Event: 125.359 Thread 0x000001e4a7a7a9d0 Exception <a 'sun/nio/fs/WindowsException'{0x000000009295d9d0}> (0x000000009295d9d0) 
thrown [s\open\src\hotspot\share\prims\jni.cpp, line 516]

VM Operations (20 events):
Event: 125.037 Executing VM operation: ICBufferFull done
Event: 125.038 Executing VM operation: ICBufferFull
Event: 125.038 Executing VM operation: ICBufferFull done
Event: 125.062 Executing VM operation: HandshakeAllThreads
Event: 125.079 Executing VM operation: HandshakeAllThreads done
Event: 125.175 Executing VM operation: G1CollectForAllocation
Event: 125.185 Executing VM operation: G1CollectForAllocation done
Event: 125.499 Executing VM operation: G1CollectForAllocation
Event: 125.508 Executing VM operation: G1CollectForAllocation done
Event: 125.828 Executing VM operation: G1CollectForAllocation
Event: 125.841 Executing VM operation: G1CollectForAllocation done
Event: 125.907 Executing VM operation: HandshakeAllThreads
Event: 125.907 Executing VM operation: HandshakeAllThreads done
Event: 126.040 Executing VM operation: HandshakeAllThreads
Event: 126.041 Executing VM operation: HandshakeAllThreads done
Event: 126.476 Executing VM operation: G1CollectForAllocation
Event: 126.482 Executing VM operation: G1CollectForAllocation done
Event: 126.482 Executing VM operation: G1TryInitiateConcMark
Event: 126.486 Executing VM operation: G1TryInitiateConcMark done
Event: 126.896 Executing VM operation: G1CollectForAllocation

Events (20 events):
Event: 125.937 Thread 0x000001e4fec8a500 flushing nmethod 0x000001e4f0746b90
Event: 125.937 Thread 0x000001e4fec8a500 flushing nmethod 0x000001e4f074a490
Event: 125.937 Thread 0x000001e4fec8a500 flushing nmethod 0x000001e4f0750e90
Event: 125.937 Thread 0x000001e4fec8a500 flushing nmethod 0x000001e4f0751210
Event: 125.937 Thread 0x000001e4fec8a500 flushing nmethod 0x000001e4f0751890
Event: 125.937 Thread 0x000001e4fec8a500 flushing nmethod 0x000001e4f0752810
Event: 125.937 Thread 0x000001e4fec8a500 flushing nmethod 0x000001e4f0752c10
Event: 125.937 Thread 0x000001e4fec8a500 flushing nmethod 0x000001e4f0753a90
Event: 125.937 Thread 0x000001e4fec8a500 flushing nmethod 0x000001e4f0756290
Event: 125.938 Thread 0x000001e4fec8a500 flushing nmethod 0x000001e4f07ddf90
Event: 125.938 Thread 0x000001e4fec8a500 flushing nmethod 0x000001e4f07e9610
Event: 125.938 Thread 0x000001e4fec8a500 flushing nmethod 0x000001e4f07e9e90
Event: 125.938 Thread 0x000001e4fec8a500 flushing nmethod 0x000001e4f07ea410
Event: 125.938 Thread 0x000001e4fec8a500 flushing nmethod 0x000001e4f07ea810
Event: 125.938 Thread 0x000001e4fec8a500 flushing nmethod 0x000001e4f0818290
Event: 125.938 Thread 0x000001e4fec8a500 flushing nmethod 0x000001e4f083d290
Event: 125.938 Thread 0x000001e4fec8a500 flushing nmethod 0x000001e4f083e690
Event: 125.938 Thread 0x000001e4fec8a500 flushing nmethod 0x000001e4f083ec90
Event: 125.938 Thread 0x000001e4fec8a500 flushing nmethod 0x000001e4f083f610
Event: 125.938 Thread 0x000001e4fec8a500 flushing nmethod 0x000001e4f0856310


Dynamic libraries:
0x00007ff63a7d0000 - 0x00007ff63a7e0000 	C:\Program Files\Java\jdk-17.0.9\bin\java.exe
0x00007ffa71640000 - 0x00007ffa71849000 	C:\Windows\SYSTEM32\ntdll.dll
0x00007ffa6fa70000 - 0x00007ffa6fb2e000 	C:\Windows\System32\KERNEL32.DLL
0x00007ffa6ef80000 - 0x00007ffa6f2fc000 	C:\Windows\System32\KERNELBASE.dll
0x00007ffa6ebd0000 - 0x00007ffa6ece1000 	C:\Windows\System32\ucrtbase.dll
0x00007ff9f4290000 - 0x00007ff9f42a9000 	C:\Program Files\Java\jdk-17.0.9\bin\jli.dll
0x00007ff9f4100000 - 0x00007ff9f411b000 	C:\Program Files\Java\jdk-17.0.9\bin\VCRUNTIME140.dll
0x00007ffa709f0000 - 0x00007ffa70a9e000 	C:\Windows\System32\ADVAPI32.dll
0x00007ffa70c60000 - 0x00007ffa70d03000 	C:\Windows\System32\msvcrt.dll
0x00007ffa712c0000 - 0x00007ffa7135e000 	C:\Windows\System32\sechost.dll
0x00007ffa6f690000 - 0x00007ffa6f7b0000 	C:\Windows\System32\RPCRT4.dll
0x00007ffa6f4e0000 - 0x00007ffa6f68d000 	C:\Windows\System32\USER32.dll
0x00007ffa6f490000 - 0x00007ffa6f4b6000 	C:\Windows\System32\win32u.dll
0x00007ffa71290000 - 0x00007ffa712b9000 	C:\Windows\System32\GDI32.dll
0x00007ffa6ee60000 - 0x00007ffa6ef78000 	C:\Windows\System32\gdi32full.dll
0x00007ffa6f380000 - 0x00007ffa6f41d000 	C:\Windows\System32\msvcp_win.dll
0x00007ffa48dd0000 - 0x00007ffa49075000 	C:\Windows\WinSxS\amd64_microsoft.windows.common-controls_6595b64144ccf1df_6.0.22000.120_none_9d947278b86cc467\COMCTL32.dll
0x00007ffa5f6b0000 - 0x00007ffa5f6ba000 	C:\Windows\SYSTEM32\VERSION.dll
0x00007ffa70300000 - 0x00007ffa70332000 	C:\Windows\System32\IMM32.DLL
0x00007ff9f4370000 - 0x00007ff9f437c000 	C:\Program Files\Java\jdk-17.0.9\bin\vcruntime140_1.dll
0x00007ff9f4070000 - 0x00007ff9f40fe000 	C:\Program Files\Java\jdk-17.0.9\bin\msvcp140.dll
0x00007ff9f1d10000 - 0x00007ff9f28f1000 	C:\Program Files\Java\jdk-17.0.9\bin\server\jvm.dll
0x00007ffa708f0000 - 0x00007ffa708f8000 	C:\Windows\System32\PSAPI.DLL
0x00007ffa5bac0000 - 0x00007ffa5bac9000 	C:\Windows\SYSTEM32\WSOCK32.dll
0x00007ffa70340000 - 0x00007ffa703af000 	C:\Windows\System32\WS2_32.dll
0x00007ffa66cd0000 - 0x00007ffa66d03000 	C:\Windows\SYSTEM32\WINMM.dll
0x00007ffa6db90000 - 0x00007ffa6dba8000 	C:\Windows\SYSTEM32\kernel.appcore.dll
0x00007ff9f4280000 - 0x00007ff9f428a000 	C:\Program Files\Java\jdk-17.0.9\bin\jimage.dll
0x00007ffa6c760000 - 0x00007ffa6c981000 	C:\Windows\SYSTEM32\DBGHELP.DLL
0x00007ffa57530000 - 0x00007ffa57561000 	C:\Windows\SYSTEM32\dbgcore.DLL
0x00007ffa6f300000 - 0x00007ffa6f37f000 	C:\Windows\System32\bcryptPrimitives.dll
0x00007ffa1b570000 - 0x00007ffa1b57e000 	C:\Program Files\Java\jdk-17.0.9\bin\instrument.dll
0x00007ff9f4040000 - 0x00007ff9f4065000 	C:\Program Files\Java\jdk-17.0.9\bin\java.dll
0x00007ff9f3f60000 - 0x00007ff9f4037000 	C:\Program Files\Java\jdk-17.0.9\bin\jsvml.dll
0x00007ffa6fb30000 - 0x00007ffa702f5000 	C:\Windows\System32\SHELL32.dll
0x00007ffa6cc00000 - 0x00007ffa6d465000 	C:\Windows\SYSTEM32\windows.storage.dll
0x00007ffa70500000 - 0x00007ffa70878000 	C:\Windows\System32\combase.dll
0x00007ffa6ca90000 - 0x00007ffa6cbf6000 	C:\Windows\SYSTEM32\wintypes.dll
0x00007ffa703b0000 - 0x00007ffa7049a000 	C:\Windows\System32\SHCORE.dll
0x00007ffa713c0000 - 0x00007ffa7141d000 	C:\Windows\System32\shlwapi.dll
0x00007ffa6ea40000 - 0x00007ffa6ea61000 	C:\Windows\SYSTEM32\profapi.dll
0x00007ff9f3f00000 - 0x00007ff9f3f18000 	C:\Program Files\Java\jdk-17.0.9\bin\zip.dll
0x00007ff9f3f40000 - 0x00007ff9f3f59000 	C:\Program Files\Java\jdk-17.0.9\bin\net.dll
0x00007ffa67450000 - 0x00007ffa67564000 	C:\Windows\SYSTEM32\WINHTTP.dll
0x00007ffa6e030000 - 0x00007ffa6e097000 	C:\Windows\system32\mswsock.dll
0x00007ff9f3f20000 - 0x00007ff9f3f36000 	C:\Program Files\Java\jdk-17.0.9\bin\nio.dll
0x00007ff9f4250000 - 0x00007ff9f4260000 	C:\Program Files\Java\jdk-17.0.9\bin\verify.dll
0x00007ffa1b5b0000 - 0x00007ffa1b5d7000 	C:\Users\DELL\.gradle\native\68d5fa5c4cc2d200863cafc0d521ce42e7d3e7ee720ec0a83991735586a16f82\windows-amd64\native-platform.dll
0x00007ffa1b420000 - 0x00007ffa1b564000 	C:\Users\DELL\.gradle\native\e376f236ea51e6404a007f0833ffe2c6e607c4080706a723a18a27aeea778392\windows-amd64\native-platform-file-events.dll
0x00007ffa1cbe0000 - 0x00007ffa1cbea000 	C:\Program Files\Java\jdk-17.0.9\bin\management.dll
0x00007ffa1b580000 - 0x00007ffa1b58b000 	C:\Program Files\Java\jdk-17.0.9\bin\management_ext.dll
0x00007ffa6e280000 - 0x00007ffa6e298000 	C:\Windows\SYSTEM32\CRYPTSP.dll
0x00007ffa6daf0000 - 0x00007ffa6db25000 	C:\Windows\system32\rsaenh.dll
0x00007ffa6e120000 - 0x00007ffa6e149000 	C:\Windows\SYSTEM32\USERENV.dll
0x00007ffa6e400000 - 0x00007ffa6e427000 	C:\Windows\SYSTEM32\bcrypt.dll
0x00007ffa6e270000 - 0x00007ffa6e27c000 	C:\Windows\SYSTEM32\CRYPTBASE.dll
0x00007ffa6d6c0000 - 0x00007ffa6d6ed000 	C:\Windows\SYSTEM32\IPHLPAPI.DLL
0x00007ffa70d20000 - 0x00007ffa70d29000 	C:\Windows\System32\NSI.dll
0x00007ffa67c80000 - 0x00007ffa67c99000 	C:\Windows\SYSTEM32\dhcpcsvc6.DLL
0x00007ffa690a0000 - 0x00007ffa690be000 	C:\Windows\SYSTEM32\dhcpcsvc.DLL
0x00007ffa6d6f0000 - 0x00007ffa6d7d8000 	C:\Windows\SYSTEM32\DNSAPI.dll
0x00007ffa5d400000 - 0x00007ffa5d40e000 	C:\Program Files\Java\jdk-17.0.9\bin\sunmscapi.dll
0x00007ffa6ecf0000 - 0x00007ffa6ee52000 	C:\Windows\System32\CRYPT32.dll
0x00007ffa6e3d0000 - 0x00007ffa6e3f8000 	C:\Windows\SYSTEM32\ncrypt.dll
0x00007ffa6e390000 - 0x00007ffa6e3c7000 	C:\Windows\SYSTEM32\NTASN1.dll
0x00007ffa180c0000 - 0x00007ffa180c8000 	C:\Windows\system32\wshunix.dll
0x00007ffa5d650000 - 0x00007ffa5d667000 	C:\Windows\system32\napinsp.dll
0x00007ffa556d0000 - 0x00007ffa556eb000 	C:\Windows\system32\pnrpnsp.dll
0x00007ffa556b0000 - 0x00007ffa556c2000 	C:\Windows\System32\winrnr.dll
0x00007ffa65320000 - 0x00007ffa65335000 	C:\Windows\system32\wshbth.dll
0x00007ffa3a020000 - 0x00007ffa3a03f000 	C:\Windows\system32\nlansp_c.dll
0x00007ffa5de50000 - 0x00007ffa5de5a000 	C:\Windows\System32\rasadhlp.dll
0x00007ffa5fb70000 - 0x00007ffa5fbf1000 	C:\Windows\System32\fwpuclnt.dll

dbghelp: loaded successfully - version: 4.0.5 - missing functions: none
symbol engine: initialized successfully - sym options: 0x614 - pdb path: .;C:\Program Files\Java\jdk-17.0.9\bin;C:\Windows\SYSTEM32;C:\Windows\WinSxS\amd64_microsoft.windows.common-controls_6595b64144ccf1df_6.0.22000.120_none_9d947278b86cc467;C:\Program Files\Java\jdk-17.0.9\bin\server;C:\Users\DELL\.gradle\native\68d5fa5c4cc2d200863cafc0d521ce42e7d3e7ee720ec0a83991735586a16f82\windows-amd64;C:\Users\DELL\.gradle\native\e376f236ea51e6404a007f0833ffe2c6e607c4080706a723a18a27aeea778392\windows-amd64

VM Arguments:
jvm_args: -XX:MaxMetaspaceSize=512m --add-opens=java.base/java.util=ALL-UNNAMED --add-opens=java.base/java.lang=ALL-UNNAMED --add-opens=java.base/java.lang.invoke=ALL-UNNAMED --add-opens=java.prefs/java.util.prefs=ALL-UNNAMED --add-opens=java.base/java.nio.charset=ALL-UNNAMED --add-opens=java.base/java.net=ALL-UNNAMED --add-opens=java.base/java.util.concurrent.atomic=ALL-UNNAMED -Xmx2048m -Dfile.encoding=windows-1252 -Duser.country=US -Duser.language=en -Duser.variant -javaagent:C:\Users\DELL\.gradle\wrapper\dists\gradle-8.3-all\6en3ugtfdg5xnpx44z4qbwgas\gradle-8.3\lib\agents\gradle-instrumentation-agent-8.3.jar 
java_command: org.gradle.launcher.daemon.bootstrap.GradleDaemon 8.3
java_class_path (initial): C:\Users\DELL\.gradle\wrapper\dists\gradle-8.3-all\6en3ugtfdg5xnpx44z4qbwgas\gradle-8.3\lib\gradle-launcher-8.3.jar
Launcher Type: SUN_STANDARD

[Global flags]
     intx CICompilerCount                          = 3                                         {product} {ergonomic}
   size_t CompressedClassSpaceSize                 = 436207616                                 {product} {ergonomic}
     uint ConcGCThreads                            = 1                                         {product} {ergonomic}
     uint G1ConcRefinementThreads                  = 4                                         {product} {ergonomic}
   size_t G1HeapRegionSize                         = 1048576                                   {product} {ergonomic}
    uintx GCDrainStackTargetSize                   = 64                                        {product} {ergonomic}
   size_t InitialHeapSize                          = 132120576                                 {product} {ergonomic}
   size_t MarkStackSize                            = 4194304                                   {product} {ergonomic}
   size_t MaxHeapSize                              = 2147483648                                {product} {command line}
   size_t MaxMetaspaceSize                         = 536870912                                 {product} {command line}
   size_t MaxNewSize                               = 1287651328                                {product} {ergonomic}
   size_t MinHeapDeltaBytes                        = 1048576                                   {product} {ergonomic}
   size_t MinHeapSize                              = 8388608                                   {product} {ergonomic}
    uintx NonNMethodCodeHeapSize                   = 5832780                                {pd product} {ergonomic}
    uintx NonProfiledCodeHeapSize                  = 122912730                              {pd product} {ergonomic}
    uintx ProfiledCodeHeapSize                     = 122912730                              {pd product} {ergonomic}
    uintx ReservedCodeCacheSize                    = 251658240                              {pd product} {ergonomic}
     bool SegmentedCodeCache                       = true                                      {product} {ergonomic}
   size_t SoftMaxHeapSize                          = 2147483648                             {manageable} {ergonomic}
     bool UseCompressedClassPointers               = true                           {product lp64_product} {ergonomic}
     bool UseCompressedOops                        = true                           {product lp64_product} {ergonomic}
     bool UseG1GC                                  = true                                      {product} {ergonomic}
     bool UseLargePagesIndividualAllocation        = false                                  {pd product} {ergonomic}

Logging:
Log output configuration:
 #0: stdout all=warning uptime,level,tags
 #1: stderr all=off uptime,level,tags

Environment Variables:
JAVA_HOME=C:\Program Files\Java\jdk-17.0.9
CLASSPATH=C:\AnTu_PNV24\Graduation_Project\Ecoscan_Application\android\\gradle\wrapper\gradle-wrapper.jar
PATH=C:\AnTu_PNV24\Graduation_Project\Ecoscan_Application\node_modules\.bin;C:\AnTu_PNV24\Graduation_Project\Ecoscan_Application\node_modules\.bin;C:\AnTu_PNV24\Graduation_Project\node_modules\.bin;C:\AnTu_PNV24\node_modules\.bin;C:\node_modules\.bin;C:\Users\DELL\AppData\Roaming\nvm\v20.10.0\node_modules\npm\node_modules\@npmcli\run-script\lib\node-gyp-bin;C:\AnTu_PNV24\Graduation_Project\Ecoscan_Application\node_modules\.bin;C:\AnTu_PNV24\Graduation_Project\node_modules\.bin;C:\AnTu_PNV24\node_modules\.bin;C:\node_modules\.bin;C:\Users\DELL\AppData\Roaming\nvm\v20.10.0\node_modules\npm\node_modules\@npmcli\run-script\lib\node-gyp-bin;C:\Users\DELL\AppData\Local\Android\Sdk\platform-tools;C:\Program Files\Microsoft\jdk-11.0.16.101-hotspot\bin;C:\Windows\system32;C:\Windows;C:\Windows\System32\Wbem;C:\Windows\System32\WindowsPowerShell\v1.0\;C:\Windows\System32\OpenSSH\;C:\Program Files (x86)\Intel\Intel(R) Management Engine Components\DAL;C:\Program Files\Intel\Intel(R) Management Engine Components\DAL;C:\Program Files\Git\cmd;C:\Program Files\Microsoft SQL Server\Client SDK\ODBC\170\Tools\Binn\;C:\xampp\php;C:\ProgramData\ComposerSetup\bin;C:\Program Files (x86)\Microsoft SQL Server\160\Tools\Binn\;C:\Program Files\Microsoft SQL Server\160\Tools\Binn\;C:\Program Files\Microsoft SQL Server\160\DTS\Binn\;C:\Program Files\Azure Data Studio\bin;C:\Users\DELL\AppData\Roaming\nvm;C:\Program Files\nodejs;C:\Program Files\dotnet\;C:\Users\DELL\AppData\Local\Android\Sdk\platform-tools;C:\Users\DELL\AppData\Local\openjdk-21.0.1;C:\Users\DELL\AppData\Local\jdk-11.0.2\bin;C:\Users\DELL\AppData\Local\Android\Sdk\tools;C:\Users\DELL\AppData\Local\Microsoft\WindowsApps;C:\Users\DELL\AppData\Local\Programs\Microsoft VS Code\bin;C:\Users\DELL\AppData\Roaming\Composer\vendor\bin;C:\Program Files\Azure Data Studio\bin;C:\Users\DELL\AppData\Roaming\nvm;C:\Program Files\nodejs;
USERNAME=DELL
LANG=en_US.UTF-8
OS=Windows_NT
PROCESSOR_IDENTIFIER=Intel64 Family 6 Model 78 Stepping 3, GenuineIntel



---------------  S Y S T E M  ---------------

OS:
 Windows 11 , 64 bit Build 22000 (10.0.22000.1516)
OS uptime: 0 days 3:18 hours

CPU: total 4 (initial active 4) (2 cores per cpu, 2 threads per core) family 6 model 78 stepping 3 microcode 0xf0, cx8, cmov, fxsr, ht, mmx, 3dnowpref, sse, sse2, sse3, ssse3, sse4.1, sse4.2, popcnt, lzcnt, tsc, tscinvbit, avx, avx2, aes, erms, clmul, bmi1, bmi2, rtm, adx, fma, vzeroupper, clflush, clflushopt

Memory: 4k page, system-wide physical 8018M (644M free)
TotalPageFile size 16335M (AvailPageFile size 296M)
current process WorkingSet (physical memory assigned to process): 639M, peak: 649M
current process commit charge ("private bytes"): 682M, peak: 1092M

vm_info: Java HotSpot(TM) 64-Bit Server VM (17.0.9+11-LTS-201) for windows-amd64 JRE (17.0.9+11-LTS-201), built on Oct 10 2023 23:16:06 by "mach5one" with MS VC++ 17.1 (VS2022)

END.
